This is LuaHBTeX, Version 1.18.0 (TeX Live 2024)  (format=lualatex 2025.3.1)  7 APR 2026 18:10
 system commands enabled.
**main.tex
(./main.tex
LaTeX2e <2024-11-01> patch level 2
L3 programming layer <2025-01-18>
Lua module: luaotfload 2024-12-03 v3.29 Lua based OpenType font support
Lua module: lualibs 2023-07-13 v2.76 ConTeXt Lua standard libraries.
Lua module: lualibs-extended 2023-07-13 v2.76 ConTeXt Lua libraries -- extended 
collection.
luaotfload | conf : Root cache directory is "/opt/texlive/texdir/texmf-var/luate
x-cache/generic/names".
luaotfload | init : Loading fontloader "fontloader-2023-12-28.lua" from kpse-res
olved path "/opt/texlive/texdir/texmf-dist/tex/luatex/luaotfload/fontloader-2023
-12-28.lua".
Lua-only attribute luaotfload@noligature = 1
luaotfload | init : Context OpenType loader version 3.134
Inserting `luaotfload.node_processor' in `pre_linebreak_filter'.
Inserting `luaotfload.node_processor' in `hpack_filter'.
Inserting `luaotfload.glyph_stream' in `glyph_stream_provider'.
Inserting `luaotfload.define_font' in `define_font'.
Lua-only attribute luaotfload_color_attribute = 2
luaotfload | conf : Root cache directory is "/opt/texlive/texdir/texmf-var/luate
x-cache/generic/names".
Inserting `luaotfload.harf.strip_prefix' in `find_opentype_file'.
Inserting `luaotfload.harf.strip_prefix' in `find_truetype_file'.
Removing  `luaotfload.glyph_stream' from `glyph_stream_provider'.
Inserting `luaotfload.harf.glyphstream' in `glyph_stream_provider'.
Inserting `luaotfload.harf.finalize_vlist' in `post_linebreak_filter'.
Inserting `luaotfload.harf.finalize_hlist' in `hpack_filter'.
Inserting `luaotfload.cleanup_files' in `wrapup_run'.
Inserting `luaotfload.harf.finalize_unicode' in `finish_pdffile'.
Inserting `luaotfload.glyphinfo' in `glyph_info'.
Lua-only attribute luaotfload.letterspace_done = 3
Inserting `luaotfload.aux.set_sscale_dimens' in `luaotfload.patch_font'.
Inserting `luaotfload.aux.set_font_index' in `luaotfload.patch_font'.
Inserting `luaotfload.aux.patch_cambria_domh' in `luaotfload.patch_font'.
Inserting `luaotfload.aux.fixup_fontdata' in `luaotfload.patch_font_unsafe'.
Inserting `luaotfload.aux.set_capheight' in `luaotfload.patch_font'.
Inserting `luaotfload.aux.set_xheight' in `luaotfload.patch_font'.
Inserting `luaotfload.rewrite_fontname' in `luaotfload.patch_font'.
Inserting `tracingstacklevels' in `input_level_string'.
(/opt/texlive/texdir/texmf-dist/tex/latex/latex-lab/documentmetadata-support.lt
x
(/opt/texlive/texdir/texmf-dist/tex/latex/pdfmanagement-testphase/pdfmanagement
-testphase.sty
Package: pdfmanagement-testphase 2025-02-15 v0.96p LaTeX PDF management testpha
se bundle
 (/opt/texlive/texdir/texmf-dist/tex/latex/tagpdf/tagpdf-base.sty
Package: tagpdf-base 2025-02-23 v0.99n part of tagpdf - provide base, no-op ver
sions of the user commands 
\c@g__tag_MCID_abs_int=\count194
\c@g__tag_struct_abs_int=\count195
)
(/opt/texlive/texdir/texmf-dist/tex/latex/pdfmanagement-testphase/pdfmanagement
-testphase.ltx
File: pdfmanagement-testphase.ltx 2025-02-15 v0.96p PDF management code (testph
ase)
\g__pdfmanagement_EmbeddedFiles_int=\count196
\l__pdfmeta_xmp_indent_int=\count197
\g_pdffile_embed_pdfa_int=\count198
\g_pdffile_embed_nonpdfa_int=\count199
)))
(/opt/texlive/texdir/texmf-dist/tex/latex/l3backend/l3backend-luatex.def
File: l3backend-luatex.def 2024-05-08 L3 backend support: PDF output (LuaTeX)
\l__color_backend_stack_int=\count266
Inserting `l3color' in `luaotfload.parse_color'.
Inserting `l3opacity' in `luaotfload.parse_transparent'.
\l__pdf_internal_box=\box52
)
(/opt/texlive/texdir/texmf-dist/tex/latex/pdfmanagement-testphase/l3backend-tes
tphase-luatex.def
File: l3backend-testphase-luatex.def 2025-02-15 LaTeX PDF management testphase 
bundle backend support:PDFoutput(LuaTeX)
\l__pdf_backend_tmpa_box=\box53
\l__pdf_backend_tmpb_box=\box54
\g__pdf_backend_resourceid_int=\count267
\g__pdf_backend_name_int=\count268
\g__pdf_backend_page_int=\count269
)
(/opt/texlive/texdir/texmf-dist/tex/latex/pdfmanagement-testphase/pdfmanagement
-firstaid.sty
Package: pdfmanagement-firstaid 2025-02-15 v0.96p LaTeX PDF management testphas
e bundle / firstaid-patches

Package pdfmanagement Info: loading pdfmanagement firstaid code for pgf

) (./preamble/pdfA-compliance/glyphtounicode.tex
(/opt/texlive/texdir/texmf-dist/tex/generic/iftex/iftex.sty
Package: iftex 2024/12/12 v1.0g TeX engine tests
)
(/opt/texlive/texdir/texmf-dist/tex/generic/luatex85/luatex85.sty
Package: luatex85 2016/06/15 v1.4 pdftex aliases for luatex
)
(/opt/texlive/texdir/texmf-dist/tex/generic/pdftex/glyphtounicode.tex)
(/opt/texlive/texdir/texmf-dist/tex/latex/pdfx/glyphtounicode-cmr.tex))
(/opt/texlive/texdir/texmf-dist/tex/latex/base/report.cls
Document Class: report 2024/06/29 v1.4n Standard LaTeX document class
(/opt/texlive/texdir/texmf-dist/tex/latex/base/size12.clo
File: size12.clo 2024/06/29 v1.4n Standard LaTeX file (size option)
luaotfload | db : Font names database loaded from /opt/texlive/texdir/texmf-var/
luatex-cache/generic/names/luaotfload-names.luc.gz)
\c@part=\count270
\c@chapter=\count271
\c@section=\count272
\c@subsection=\count273
\c@subsubsection=\count274
\c@paragraph=\count275
\c@subparagraph=\count276
\c@figure=\count277
\c@table=\count278
\abovecaptionskip=\skip49
\belowcaptionskip=\skip50
\bibindent=\dimen140
)
(./preamble/toggles.tex) (./preamble/main.tex (./preamble/data.tex)
(./preamble/debug/commands.tex
(/opt/texlive/texdir/texmf-dist/tex/latex/censor/censor.sty
Package: censor 2023/06/05\ 4.3\ Provides capability for redaction of sensitive
 information

(/opt/texlive/texdir/texmf-dist/tex/latex/pbox/pbox.sty
Package: pbox 2011/12/07 v1.2 Dynamic parboxes

(/opt/texlive/texdir/texmf-dist/tex/latex/tools/calc.sty
Package: calc 2023/07/08 v4.3 Infix arithmetic (KKT,FJ)
\calc@Acount=\count279
\calc@Bcount=\count280
\calc@Adimen=\dimen141
\calc@Bdimen=\dimen142
\calc@Askip=\skip51
\calc@Bskip=\skip52
LaTeX Info: Redefining \setlength on input line 80.
LaTeX Info: Redefining \addtolength on input line 81.
\calc@Ccount=\count281
\calc@Cskip=\skip53
)
(/opt/texlive/texdir/texmf-dist/tex/latex/base/ifthen.sty
Package: ifthen 2024/03/16 v1.1e Standard LaTeX ifthen package (DPC)
)
\pb@xlen=\skip54
)
\censorruledepth=\skip55
\censorruleheight=\skip56

(/opt/texlive/texdir/texmf-dist/tex/generic/tokcycle/tokcycle.sty
(/opt/texlive/texdir/texmf-dist/tex/generic/tokcycle/tokcycle.tex
\tc@tok=\toks17
\tcdepth=\count282
\cytoks=\toks18
)
Package: tokcycle 2021/08/25 V1.42 Cycle through and transform a stream of toke
ns
)))
(./preamble/debug/line-numbers.tex
(/opt/texlive/texdir/texmf-dist/tex/latex/lineno/lineno.sty
Package: lineno 2025/01/29 line numbers on paragraphs v5.4

(/opt/texlive/texdir/texmf-dist/tex/latex/etoolbox/etoolbox.sty
Package: etoolbox 2025/02/11 v2.5l e-TeX tools for LaTeX (JAW)
\etb@tempcnta=\count283
)
(/opt/texlive/texdir/texmf-dist/tex/latex/kvoptions/kvoptions.sty
Package: kvoptions 2022-06-15 v3.15 Key value format for package options (HO)

(/opt/texlive/texdir/texmf-dist/tex/latex/graphics/keyval.sty
Package: keyval 2022/05/29 v1.15 key=value parser (DPC)
\KV@toks@=\toks19
)
(/opt/texlive/texdir/texmf-dist/tex/generic/ltxcmds/ltxcmds.sty
Package: ltxcmds 2023-12-04 v1.26 LaTeX kernel commands for general use (HO)
)
(/opt/texlive/texdir/texmf-dist/tex/latex/kvsetkeys/kvsetkeys.sty
Package: kvsetkeys 2022-10-05 v1.19 Key value parser (HO)
))
\linenopenalty=\count284
\output=\toks20
\linenoprevgraf=\count285
\linenumbersep=\dimen143
\linenumberwidth=\dimen144
\c@linenumber=\count286
\c@pagewiselinenumber=\count287
\c@LN@truepage=\count288
\c@internallinenumber=\count289
\c@internallinenumbers=\count290
\quotelinenumbersep=\dimen145
\bframerule=\dimen146
\bframesep=\dimen147
\bframebox=\box55
LaTeX Info: Redefining \\ on input line 3187.
))
(./preamble/debug/silence.tex
(/opt/texlive/texdir/texmf-dist/tex/latex/silence/silence.sty
Package: silence 2012/07/02 v1.5b Selective filtering of warnings and error mes
sages
\sl@Save=\count291
\sl@StateNumber=\count292
\sl@MessageCount=\count293
\sl@Casualties=\count294
\sl@Filter=\toks21
\sl@Message=\toks22
\sl@UnexpandedMessage=\toks23
\sl@Mess@ge=\toks24
\sl@WarningCount=\count295
\sl@WarningNumber=\count296
\sl@WarningCasualties=\count297
\sl@TempBOW=\toks25
\sl@BankOfWarnings=\toks26
LaTeX Info: Redefining \GenericWarning on input line 433.
\sl@ErrorCount=\count298
\sl@ErrorNumber=\count299
\sl@ErrorCasualties=\count300
\sl@TempBOE=\toks27
\sl@BankOfErrors=\toks28
LaTeX Info: Redefining \GenericError on input line 601.
))
(./preamble/general/colors.tex
(/opt/texlive/texdir/texmf-dist/tex/latex/xcolor/xcolor.sty
Package: xcolor 2024/09/29 v3.02 LaTeX color extensions (UK)

(/opt/texlive/texdir/texmf-dist/tex/latex/graphics-cfg/color.cfg
File: color.cfg 2016/01/02 v1.6 sample color configuration
)
Package xcolor Info: Driver file: luatex.def on input line 274.

(/opt/texlive/texdir/texmf-dist/tex/latex/graphics-def/luatex.def
File: luatex.def 2024/04/13 v1.2e Graphics/color driver for luatex
)
(/opt/texlive/texdir/texmf-dist/tex/latex/graphics/mathcolor.ltx)
Package xcolor Info: Model `cmy' substituted by `cmy0' on input line 1349.
Package xcolor Info: Model `hsb' substituted by `rgb' on input line 1353.
Package xcolor Info: Model `RGB' extended on input line 1365.
Package xcolor Info: Model `HTML' substituted by `rgb' on input line 1367.
Package xcolor Info: Model `Hsb' substituted by `hsb' on input line 1368.
Package xcolor Info: Model `tHsb' substituted by `hsb' on input line 1369.
Package xcolor Info: Model `HSB' substituted by `hsb' on input line 1370.
Package xcolor Info: Model `Gray' substituted by `gray' on input line 1371.
Package xcolor Info: Model `wave' substituted by `hsb' on input line 1372.
)
(/opt/texlive/texdir/texmf-dist/tex/latex/pdfmanagement-testphase/xcolor-patche
s-tmp-ltx.sty
Package: xcolor-patches-tmp-ltx 2025-02-15 v0.96p patch xcolor for l3color
) (/opt/texlive/texdir/texmf-dist/tex/latex/colortbl/colortbl.sty
Package: colortbl 2024/07/06 v1.0i Color table columns (DPC)

(/opt/texlive/texdir/texmf-dist/tex/latex/tools/array.sty
Package: array 2024/10/17 v2.6g Tabular extension package (FMi)
\col@sep=\dimen148
\ar@mcellbox=\box56
\extrarowheight=\dimen149
\NC@list=\toks29
\extratabsurround=\skip57
\backup@length=\skip58
\ar@cellbox=\box57
)
\everycr=\toks30
\minrowclearance=\skip59
\rownum=\count301
))
(./preamble/general/typesetting.tex
(/opt/texlive/texdir/texmf-dist/tex/latex/lm/lmodern.sty
Package: lmodern 2015/05/01 v1.6.1 Latin Modern Fonts
LaTeX Font Info:    Overwriting symbol font `operators' in version `normal'
(Font)                  OT1/cmr/m/n --> OT1/lmr/m/n on input line 22.
LaTeX Font Info:    Overwriting symbol font `letters' in version `normal'
(Font)                  OML/cmm/m/it --> OML/lmm/m/it on input line 23.
LaTeX Font Info:    Overwriting symbol font `symbols' in version `normal'
(Font)                  OMS/cmsy/m/n --> OMS/lmsy/m/n on input line 24.
LaTeX Font Info:    Overwriting symbol font `largesymbols' in version `normal'
(Font)                  OMX/cmex/m/n --> OMX/lmex/m/n on input line 25.
LaTeX Font Info:    Overwriting symbol font `operators' in version `bold'
(Font)                  OT1/cmr/bx/n --> OT1/lmr/bx/n on input line 26.
LaTeX Font Info:    Overwriting symbol font `letters' in version `bold'
(Font)                  OML/cmm/b/it --> OML/lmm/b/it on input line 27.
LaTeX Font Info:    Overwriting symbol font `symbols' in version `bold'
(Font)                  OMS/cmsy/b/n --> OMS/lmsy/b/n on input line 28.
LaTeX Font Info:    Overwriting symbol font `largesymbols' in version `bold'
(Font)                  OMX/cmex/m/n --> OMX/lmex/m/n on input line 29.
LaTeX Font Info:    Overwriting math alphabet `\mathbf' in version `normal'
(Font)                  OT1/cmr/bx/n --> OT1/lmr/bx/n on input line 31.
LaTeX Font Info:    Overwriting math alphabet `\mathsf' in version `normal'
(Font)                  OT1/cmss/m/n --> OT1/lmss/m/n on input line 32.
LaTeX Font Info:    Overwriting math alphabet `\mathit' in version `normal'
(Font)                  OT1/cmr/m/it --> OT1/lmr/m/it on input line 33.
LaTeX Font Info:    Overwriting math alphabet `\mathtt' in version `normal'
(Font)                  OT1/cmtt/m/n --> OT1/lmtt/m/n on input line 34.
LaTeX Font Info:    Overwriting math alphabet `\mathbf' in version `bold'
(Font)                  OT1/cmr/bx/n --> OT1/lmr/bx/n on input line 35.
LaTeX Font Info:    Overwriting math alphabet `\mathsf' in version `bold'
(Font)                  OT1/cmss/bx/n --> OT1/lmss/bx/n on input line 36.
LaTeX Font Info:    Overwriting math alphabet `\mathit' in version `bold'
(Font)                  OT1/cmr/bx/it --> OT1/lmr/bx/it on input line 37.
LaTeX Font Info:    Overwriting math alphabet `\mathtt' in version `bold'
(Font)                  OT1/cmtt/m/n --> OT1/lmtt/m/n on input line 38.
)
(/opt/texlive/texdir/texmf-dist/tex/latex/romanbar/romanbar.sty
Package: romanbar 2025-01-28 v1.0g Roman numbers with bars (HMM)

(/opt/texlive/texdir/texmf-dist/tex/latex/adjustbox/trimclip.sty
Package: trimclip 2025/02/21 v1.2a Trim and clip general TeX material

(/opt/texlive/texdir/texmf-dist/tex/latex/graphics/graphicx.sty
Package: graphicx 2021/09/16 v1.2d Enhanced LaTeX Graphics (DPC,SPQR)

(/opt/texlive/texdir/texmf-dist/tex/latex/graphics/graphics.sty
Package: graphics 2024/08/06 v1.4g Standard LaTeX Graphics (DPC,SPQR)

(/opt/texlive/texdir/texmf-dist/tex/latex/graphics/trig.sty
Package: trig 2023/12/02 v1.11 sin cos tan (DPC)
)
(/opt/texlive/texdir/texmf-dist/tex/latex/graphics-cfg/graphics.cfg
File: graphics.cfg 2016/06/04 v1.11 sample graphics configuration
)
Package graphics Info: Driver file: luatex.def on input line 106.
)
\Gin@req@height=\dimen150
\Gin@req@width=\dimen151
)
(/opt/texlive/texdir/texmf-dist/tex/latex/collectbox/collectbox.sty
Package: collectbox 2022/10/17 v0.4c Collect macro arguments as boxes
\collectedbox=\box58
)
(/opt/texlive/texdir/texmf-dist/tex/latex/adjustbox/adjcalc.sty
Package: adjcalc 2012/05/16 v1.1 Provides advanced setlength with multiple back
-ends (calc, etex, pgfmath)

(/opt/texlive/texdir/texmf-dist/tex/latex/xkeyval/xkeyval.sty
Package: xkeyval 2022/06/16 v2.9 package option processing (HA)

(/opt/texlive/texdir/texmf-dist/tex/generic/xkeyval/xkeyval.tex
(/opt/texlive/texdir/texmf-dist/tex/generic/xkeyval/xkvutils.tex
\XKV@toks=\toks31
\XKV@tempa@toks=\toks32
)
\XKV@depth=\count302
File: xkeyval.tex 2014/12/03 v2.7a key=value parser (HA)
)))
\tc@llx=\dimen152
\tc@lly=\dimen153
\tc@urx=\dimen154
\tc@ury=\dimen155
Package trimclip Info: Using driver 'tc-luatex.def'.

(/opt/texlive/texdir/texmf-dist/tex/latex/adjustbox/tc-luatex.def
File: tc-luatex.def 2025/02/26 v1.1 Clipping driver for luatex

(/opt/texlive/texdir/texmf-dist/tex/latex/adjustbox/tc-pdftex.def
File: tc-pdftex.def 2025/02/26 v2.3 Clipping driver for pdftex
)))
\c@romanbarcount=\count303
\romanbardimH=\dimen156
\romanbardimD=\dimen157
\romanbardimW=\dimen158
)
(/opt/texlive/texdir/texmf-dist/tex/latex/microtype/microtype.sty
Package: microtype 2025/02/11 v3.2a Micro-typographical refinements (RS)
\MT@toks=\toks33
\MT@tempbox=\box59
\MT@count=\count304
LaTeX Info: Redefining \noprotrusionifhmode on input line 1087.
LaTeX Info: Redefining \leftprotrusion on input line 1088.
\MT@prot@toks=\toks34
LaTeX Info: Redefining \rightprotrusion on input line 1107.
LaTeX Info: Redefining \textls on input line 1449.
\MT@outer@kern=\dimen159
LaTeX Info: Redefining \microtypecontext on input line 2053.
LaTeX Info: Redefining \textmicrotypecontext on input line 2070.
\MT@listname@count=\count305

(/opt/texlive/texdir/texmf-dist/tex/latex/microtype/microtype-luatex.def
File: microtype-luatex.def 2025/02/11 v3.2a Definitions specific to luatex (RS)

Lua module: microtype 2025/02/11 v3.2a microtype module.
Module microtype Info: overwriting function `keepligature' on input line 63
LaTeX Info: Redefining \lsstyle on input line 779.
LaTeX Info: Redefining \lslig on input line 779.
\MT@outer@space=\skip60
)
Package microtype Info: Loading configuration file microtype.cfg.

(/opt/texlive/texdir/texmf-dist/tex/latex/microtype/microtype.cfg
File: microtype.cfg 2025/02/11 v3.2a microtype main configuration file (RS)
)
LaTeX Info: Redefining \microtypesetup on input line 3065.
)
(/opt/texlive/texdir/texmf-dist/tex/latex/parskip/parskip.sty
Package: parskip 2021-03-14 v2.0h non-zero parskip adjustments
)
(/opt/texlive/texdir/texmf-dist/tex/latex/csquotes/csquotes.sty
Package: csquotes 2024-04-04 v5.2o context-sensitive quotations (JAW)
\csq@reset=\count306
\csq@gtype=\count307
\csq@glevel=\count308
\csq@qlevel=\count309
\csq@maxlvl=\count310
\csq@tshold=\count311
\csq@ltx@everypar=\toks35

(/opt/texlive/texdir/texmf-dist/tex/latex/csquotes/csquotes.def
File: csquotes.def 2024-04-04 v5.2o csquotes generic definitions (JAW)
)
Package csquotes Info: Trying to load configuration file 'csquotes.cfg'...
Package csquotes Info: ... configuration file loaded successfully.

(/opt/texlive/texdir/texmf-dist/tex/latex/csquotes/csquotes.cfg
File: csquotes.cfg 
))
(/opt/texlive/texdir/texmf-dist/tex/latex/paralist/paralist.sty
Package: paralist 2017/01/22 v2.7 Extended list environments
\pltopsep=\skip61
\plpartopsep=\skip62
\plitemsep=\skip63
\plparsep=\skip64
\pl@lab=\toks36
))
(./preamble/general/floats.tex
(/opt/texlive/texdir/texmf-dist/tex/latex/adjustbox/adjustbox.sty
Package: adjustbox 2025/02/26 v1.3c Adjusting TeX boxes (trim, clip, ...)
\adjbox@Width=\dimen160
\adjbox@Height=\dimen161
\adjbox@Depth=\dimen162
\adjbox@Totalheight=\dimen163
\adjbox@pwidth=\dimen164
\adjbox@pheight=\dimen165
\adjbox@pdepth=\dimen166
\adjbox@ptotalheight=\dimen167

(/opt/texlive/texdir/texmf-dist/tex/latex/ifoddpage/ifoddpage.sty
Package: ifoddpage 2022/10/18 v1.2 Conditionals for odd/even page detection
\c@checkoddpage=\count312
)
(/opt/texlive/texdir/texmf-dist/tex/latex/varwidth/varwidth.sty
Package: varwidth 2009/03/30 ver 0.92;  Variable-width minipages
\@vwid@box=\box60
\sift@deathcycles=\count313
\@vwid@loff=\dimen168
\@vwid@roff=\dimen169
))
(/opt/texlive/texdir/texmf-dist/tex/latex/booktabs/booktabs.sty
Package: booktabs 2020/01/12 v1.61803398 Publication quality tables
\heavyrulewidth=\dimen170
\lightrulewidth=\dimen171
\cmidrulewidth=\dimen172
\belowrulesep=\dimen173
\belowbottomsep=\dimen174
\aboverulesep=\dimen175
\abovetopsep=\dimen176
\cmidrulesep=\dimen177
\cmidrulekern=\dimen178
\defaultaddspace=\dimen179
\@cmidla=\count314
\@cmidlb=\count315
\@aboverulesep=\dimen180
\@belowrulesep=\dimen181
\@thisruleclass=\count316
\@lastruleclass=\count317
\@thisrulewidth=\dimen182
)
(/opt/texlive/texdir/texmf-dist/tex/latex/tabularray/tabularray.sty
(/opt/texlive/texdir/texmf-dist/tex/latex/l3kernel/expl3.sty
Package: expl3 2025-01-18 L3 programming layer (loader) 
)
Package: tabularray 2024-02-16 v2024A Typeset tabulars and arrays with LaTeX3
\l__tblr_a_int=\count318
\l__tblr_c_int=\count319
\l__tblr_r_int=\count320
\l__tblr_d_dim=\dimen183
\l__tblr_h_dim=\dimen184
\l__tblr_o_dim=\dimen185
\l__tblr_p_dim=\dimen186
\l__tblr_q_dim=\dimen187
\l__tblr_r_dim=\dimen188
\l__tblr_s_dim=\dimen189
\l__tblr_t_dim=\dimen190
\l__tblr_v_dim=\dimen191
\l__tblr_w_dim=\dimen192
\l__tblr_a_box=\box61
\l__tblr_b_box=\box62
\l__tblr_c_box=\box63
\l__tblr_d_box=\box64
\g__tblr_table_count_int=\count321
\c@colnum=\count322
\c@rowcount=\count323
\c@colcount=\count324
\abovesep=\dimen193
\belowsep=\dimen194
\leftsep=\dimen195
\rightsep=\dimen196
\g_tblr_level_int=\count325
\g__tblr_data_row_key_count_int=\count326
\g__tblr_data_column_key_count_int=\count327
\g__tblr_data_cell_key_count_int=\count328
\g__tblr_array_int=\count329
\l__tblr_key_count_int=\count330
\l__tblr_key_quotient_int=\count331
\l__tblr_key_quotient_two_int=\count332
\l__tblr_key_remainder_int=\count333
\g__tblr_data_str_value_count_int=\count334
\rulewidth=\dimen197
\l__tblr_strut_dp_dim=\dimen198
\l__tblr_strut_ht_dim=\dimen199
\g__tblr_cell_wd_dim=\dimen256
\g__tblr_cell_ht_dim=\dimen257
\g__tblr_cell_head_dim=\dimen258
\g__tblr_cell_foot_dim=\dimen259
\l__column_target_dim=\dimen260
\l__tblr_caption_box=\box65
\l__tblr_caption_left_box=\box66
\l__tblr_row_head_box=\box67
\l__tblr_row_foot_box=\box68
\l__tblr_row_head_foot_dim=\dimen261
\tablewidth=\dimen262
\l__tblr_table_firsthead_box=\box69
\l__tblr_table_middlehead_box=\box70
\l__tblr_table_lasthead_box=\box71
\l__tblr_table_firstfoot_box=\box72
\l__tblr_table_middlefoot_box=\box73
\l__tblr_table_lastfoot_box=\box74
\l__tblr_remain_height_dim=\dimen263
\l__tblr_long_from_int=\count335
\l__tblr_long_to_int=\count336
\l__tblr_curr_i_int=\count337
\l__tblr_prev_i_int=\count338
\l__tblr_table_page_int=\count339
\l__tblr_table_head_box=\box75
\l__tblr_table_foot_box=\box76
\l__tblr_table_head_foot_dim=\dimen264
\l__tblr_table_head_body_foot_dim=\dimen265
\l__tblr_table_box=\box77
\l__tblr_table_hlines_box=\box78
\l__tblr_hline_box=\box79
\l__tblr_row_box=\box80
\l__tblr_col_o_wd_dim=\dimen266
\l__tblr_col_b_wd_dim=\dimen267
\l__tblr_hline_leftskip_dim=\dimen268
\l__tblr_hline_rightskip_dim=\dimen269
\l__tblr_row_ht_dim=\dimen270
\l__tblr_row_dp_dim=\dimen271
\l__tblr_row_abovesep_dim=\dimen272
\l__tblr_row_belowsep_dim=\dimen273
\l__tblr_row_vlines_box=\box81
\l__tblr_vline_box=\box82
\l__tblr_cell_box=\box83
\l__row_upper_dim=\dimen274
\l__row_lower_dim=\dimen275
\l__row_vpace_dim=\dimen276
\l__tblr_vline_aboveskip_dim=\dimen277
\l__tblr_vline_belowskip_dim=\dimen278
\l__tblr_cell_wd_dim=\dimen279
\l__tblr_cell_ht_dim=\dimen280
\l__tblr_diag_box=\box84
)
(/opt/texlive/texdir/texmf-dist/tex/latex/codehigh/codehigh.sty
Package: codehigh 2025-02-21 v2025C Highlight codes and demos with l3regex and 
lpeg

(/opt/texlive/texdir/texmf-dist/tex/generic/catchfile/catchfile.sty
Package: catchfile 2019/12/09 v1.8 Catch the contents of a file (HO)

(/opt/texlive/texdir/texmf-dist/tex/generic/infwarerr/infwarerr.sty
Package: infwarerr 2019/12/03 v1.5 Providing info/warning/error messages (HO)
)
(/opt/texlive/texdir/texmf-dist/tex/generic/etexcmds/etexcmds.sty
Package: etexcmds 2019/12/15 v1.7 Avoid name clashes with e-TeX commands (HO)
))
(/opt/texlive/texdir/texmf-dist/tex/latex/ninecolors/ninecolors.sty
Package: ninecolors 2022-02-13 v2022D Select colors with proper color contrast

(/opt/texlive/texdir/texmf-dist/tex/latex/l3packages/xparse/xparse.sty
Package: xparse 2024-08-16 L3 Experimental document command parser
))
(/opt/texlive/texdir/texmf-dist/tex/luatex/luatexbase/luatexbase.sty
Package: luatexbase 2015/10/04 v1.3 luatexbase interface to LuaTeX 

(/opt/texlive/texdir/texmf-dist/tex/luatex/ctablestack/ctablestack.sty
Package: ctablestack 2015/10/01 v1.0 Catcode table stable support
\@catcodetablestackcnt=\count340
)
\CatcodeTableOther=\catcodetable14
\CatcodeTableExpl=\catcodetable15
)
\l__cdhh_a_int=\count341
\l__cdhh_b_int=\count342
\l__cdhh_main_boxsep_dim=\dimen281
\g__cdhh_code_box=\box85
\g__cdhh_demo_box=\box86
\l__cdhh_latex_rule_count_int=\count343
\l__cdhh_latex/math_rule_count_int=\count344
\l__cdhh_latex/table_rule_count_int=\count345
\l__cdhh_latex/latex2_rule_count_int=\count346
\l__cdhh_latex/latex3_rule_count_int=\count347
\l__cdhh_item_count_int=\count348
)
(/opt/texlive/texdir/texmf-dist/tex/latex/amsmath/amsmath.sty
Package: amsmath 2024/11/05 v2.17t AMS math features
\@mathmargin=\skip65

For additional information on amsmath, use the `?' option.
(/opt/texlive/texdir/texmf-dist/tex/latex/amsmath/amstext.sty
Package: amstext 2021/08/26 v2.01 AMS text

(/opt/texlive/texdir/texmf-dist/tex/latex/amsmath/amsgen.sty
File: amsgen.sty 1999/11/30 v2.0 generic functions
\@emptytoks=\toks37
\ex@=\dimen282
))
(/opt/texlive/texdir/texmf-dist/tex/latex/amsmath/amsbsy.sty
Package: amsbsy 1999/11/29 v1.2d Bold Symbols
\pmbraise@=\dimen283
)
(/opt/texlive/texdir/texmf-dist/tex/latex/amsmath/amsopn.sty
Package: amsopn 2022/04/08 v2.04 operator names
)
\inf@bad=\count349
LaTeX Info: Redefining \frac on input line 235.
\uproot@=\count350
\leftroot@=\count351
LaTeX Info: Redefining \overline on input line 398.
LaTeX Info: Redefining \colon on input line 409.
\classnum@=\count352
\DOTSCASE@=\count353
LaTeX Info: Redefining \ldots on input line 495.
LaTeX Info: Redefining \dots on input line 498.
LaTeX Info: Redefining \cdots on input line 619.
\Mathstrutbox@=\box87
\strutbox@=\box88
LaTeX Info: Redefining \big on input line 721.
LaTeX Info: Redefining \Big on input line 722.
LaTeX Info: Redefining \bigg on input line 723.
LaTeX Info: Redefining \Bigg on input line 724.
\big@size=\dimen284
LaTeX Font Info:    Redeclaring font encoding OML on input line 742.
LaTeX Font Info:    Redeclaring font encoding OMS on input line 743.
\macc@depth=\count354
LaTeX Info: Redefining \bmod on input line 904.
LaTeX Info: Redefining \pmod on input line 909.
LaTeX Info: Redefining \smash on input line 939.
LaTeX Info: Redefining \relbar on input line 969.
LaTeX Info: Redefining \Relbar on input line 970.
\c@MaxMatrixCols=\count355
\dotsspace@=\muskip17
\c@parentequation=\count356
\dspbrk@lvl=\count357
\tag@help=\toks38
\row@=\count358
\column@=\count359
\maxfields@=\count360
\andhelp@=\toks39
\eqnshift@=\dimen285
\alignsep@=\dimen286
\tagshift@=\dimen287
\tagwidth@=\dimen288
\totwidth@=\dimen289
\lineht@=\dimen290
\@envbody=\toks40
\multlinegap=\skip66
\multlinetaggap=\skip67
\mathdisplay@stack=\toks41
LaTeX Info: Redefining \[ on input line 2953.
LaTeX Info: Redefining \] on input line 2954.
)
\@LN@amsmath@ams@eqpen=\count361

(/opt/texlive/texdir/texmf-dist/tex/latex/siunitx/siunitx.sty
Package: siunitx 2025-02-27 v3.4.6 A comprehensive (SI) units package
\l__siunitx_number_uncert_offset_int=\count362
\l__siunitx_number_exponent_fixed_int=\count363
\l__siunitx_number_min_decimal_int=\count364
\l__siunitx_number_min_integer_int=\count365
\l__siunitx_number_round_precision_int=\count366
\l__siunitx_number_lower_threshold_int=\count367
\l__siunitx_number_upper_threshold_int=\count368
\l__siunitx_number_group_first_int=\count369
\l__siunitx_number_group_size_int=\count370
\l__siunitx_number_group_minimum_int=\count371
\l__siunitx_angle_tmp_dim=\dimen291
\l__siunitx_angle_marker_box=\box89
\l__siunitx_angle_unit_box=\box90
\l__siunitx_compound_count_int=\count372

(/opt/texlive/texdir/texmf-dist/tex/latex/translations/translations.sty
Package: translations 2022/02/05 v1.12 internationalization of LaTeX2e packages
 (CN)

(/opt/texlive/texdir/texmf-dist/tex/generic/pdftexcmds/pdftexcmds.sty
Package: pdftexcmds 2020-06-27 v0.33 Utility functions of pdfTeX for LuaTeX (HO
)
Package pdftexcmds Info: \pdf@primitive is available.
Package pdftexcmds Info: \pdf@ifprimitive is available.
Package pdftexcmds Info: \pdfdraftmode found.
\pdftexcmds@toks=\toks42
))
\l__siunitx_table_tmp_box=\box91
\l__siunitx_table_tmp_dim=\dimen292
\l__siunitx_table_column_width_dim=\dimen293
\l__siunitx_table_integer_box=\box92
\l__siunitx_table_decimal_box=\box93
\l__siunitx_table_uncert_box=\box94
\l__siunitx_table_before_box=\box95
\l__siunitx_table_after_box=\box96
\l__siunitx_table_before_dim=\dimen294
\l__siunitx_table_carry_dim=\dimen295
\l__siunitx_unit_tmp_int=\count373
\l__siunitx_unit_position_int=\count374
\l__siunitx_unit_total_int=\count375
)
(/opt/texlive/texdir/texmf-dist/tex/latex/floatrow/floatrow.sty
Package: floatrow 2008/08/02 v0.3b floatrow: float package extension

(/opt/texlive/texdir/texmf-dist/tex/latex/caption/caption3.sty
Package: caption3 2023/07/31 v2.4d caption3 kernel (AR)
\caption@tempdima=\dimen296
\captionmargin=\dimen297
\caption@leftmargin=\dimen298
\caption@rightmargin=\dimen299
\caption@width=\dimen300
\caption@indent=\dimen301
\caption@parindent=\dimen302
\caption@hangindent=\dimen303
Package caption Info: Standard document class detected.
)
\c@float@type=\count376
\float@exts=\toks43
\float@box=\box97
\@floatcapt=\box98
Package floatrow Info: Modified float package code loaded on input line 455.
Package floatrow Info: Modified rotfloat package code loaded on input line 473.

\FR@everyfloat=\toks44
\flrow@foot=\insert252
\FB@wd=\dimen304
\FBo@wd=\dimen305
\FBc@wd=\dimen306
\FBo@ht=\skip68
\FBc@ht=\skip69
\FBf@ht=\skip70
\FBo@max=\skip71
\FBc@max=\skip72
\FBf@max=\skip73
\c@FBl@b=\count377
\floatbox@depth=\count378
\c@FRobj=\count379
\c@FRsobj=\count380
\Xhsize=\skip74
\sXhsize=\skip75
\Zhsize=\skip76
\sZhsize=\skip77
\flrow@rowbox=\box99
\FR@Zunitlength=\dimen307
\c@FBcnt=\count381
\FPOScnt=\count382
\LTleft=\skip78
\LTright=\skip79
\LTleft=\skip80
\LTright=\skip81
\flrow@types=\toks45
)
(/opt/texlive/texdir/texmf-dist/tex/latex/caption/caption.sty
Package: caption 2023/08/05 v3.6o Customizing captions (AR)
\c@caption@flags=\count383
\c@continuedfloat=\count384
Package caption Info: float package is loaded.
Package caption Info: floatrow package is loaded.
Package caption Info: floatrow package is loaded.
)
(/opt/texlive/texdir/texmf-dist/tex/latex/caption/subcaption.sty
Package: subcaption 2023/07/28 v1.6b Sub-captions (AR)
Package caption Info: New subtype `subfigure' on input line 238.
\c@subfigure=\count385
Package caption Info: New subtype `subtable' on input line 238.
\c@subtable=\count386
)
\floatfootruleindent=\skip82
)
(./preamble/general/hyperref.tex
(/opt/texlive/texdir/texmf-dist/tex/latex/url/url.sty
\Urlmuskip=\muskip18
Package: url 2013/09/16  ver 3.4  Verb mode for urls, etc.
)
(/opt/texlive/texdir/texmf-dist/tex/latex/hyperref/hyperref.sty
Package: hyperref 2024-11-05 v7.01l Hypertext links for LaTeX

(/opt/texlive/texdir/texmf-dist/tex/generic/kvdefinekeys/kvdefinekeys.sty
Package: kvdefinekeys 2019-12-19 v1.6 Define keys (HO)
)
(/opt/texlive/texdir/texmf-dist/tex/generic/pdfescape/pdfescape.sty
Package: pdfescape 2019/12/09 v1.15 Implements pdfTeX's escape features (HO)
)
(/opt/texlive/texdir/texmf-dist/tex/latex/hycolor/hycolor.sty
Package: hycolor 2020-01-27 v1.10 Color options for hyperref/bookmark (HO)
)
(/opt/texlive/texdir/texmf-dist/tex/latex/hyperref/nameref.sty
Package: nameref 2023-11-26 v2.56 Cross-referencing by name of section

(/opt/texlive/texdir/texmf-dist/tex/latex/refcount/refcount.sty
Package: refcount 2019/12/15 v3.6 Data extraction from label references (HO)
)
(/opt/texlive/texdir/texmf-dist/tex/generic/gettitlestring/gettitlestring.sty
Package: gettitlestring 2019/12/15 v1.6 Cleanup title references (HO)
)
\c@section@level=\count387
) (/opt/texlive/texdir/texmf-dist/tex/generic/stringenc/stringenc.sty
Package: stringenc 2019/11/29 v1.12 Convert strings between diff. encodings (HO
)
)
\@linkdim=\dimen308
\Hy@linkcounter=\count388
\Hy@pagecounter=\count389

(/opt/texlive/texdir/texmf-dist/tex/latex/hyperref/pd1enc.def
File: pd1enc.def 2024-11-05 v7.01l Hyperref: PDFDocEncoding definition (HO)
)
(/opt/texlive/texdir/texmf-dist/tex/generic/intcalc/intcalc.sty
Package: intcalc 2019/12/15 v1.3 Expandable calculations with integers (HO)
)
\Hy@SavedSpaceFactor=\count390

(/opt/texlive/texdir/texmf-dist/tex/latex/hyperref/puenc.def
File: puenc.def 2024-11-05 v7.01l Hyperref: PDF Unicode definition (HO)
)
\pdfmajorversion=\count391
Package hyperref Info: Hyper figures OFF on input line 4157.
Package hyperref Info: Link nesting OFF on input line 4162.
Package hyperref Info: Hyper index ON on input line 4165.
Package hyperref Info: Plain pages OFF on input line 4172.
Package hyperref Info: Backreferencing OFF on input line 4177.
Package hyperref Info: Implicit mode ON; LaTeX internals redefined.
Package hyperref Info: Bookmarks ON on input line 4424.
\c@Hy@tempcnt=\count392
LaTeX Info: Redefining \url on input line 4763.
\XeTeXLinkMargin=\dimen309

(/opt/texlive/texdir/texmf-dist/tex/generic/bitset/bitset.sty
Package: bitset 2019/12/09 v1.3 Handle bit-vector datatype (HO)

(/opt/texlive/texdir/texmf-dist/tex/generic/bigintcalc/bigintcalc.sty
Package: bigintcalc 2019/12/15 v1.5 Expandable calculations on big integers (HO
)
))
\Fld@menulength=\count393
\Field@Width=\dimen310
\Fld@charsize=\dimen311
Package hyperref Info: Hyper figures OFF on input line 6042.
Package hyperref Info: Link nesting OFF on input line 6047.
Package hyperref Info: Hyper index ON on input line 6050.
Package hyperref Info: backreferencing OFF on input line 6057.
Package hyperref Info: Link coloring OFF on input line 6062.
Package hyperref Info: Link coloring with OCG OFF on input line 6067.
Package hyperref Info: PDF/A mode OFF on input line 6072.

(/opt/texlive/texdir/texmf-dist/tex/latex/base/atbegshi-ltx.sty
Package: atbegshi-ltx 2021/01/10 v1.0c Emulation of the original atbegshi
package with kernel methods
)
\Hy@abspage=\count394
\c@Item=\count395
\c@Hfootnote=\count396
)
Package hyperref Info: Driver (custom): hgeneric-testphase.

(/opt/texlive/texdir/texmf-dist/tex/latex/pdfmanagement-testphase/hgeneric-test
phase.def
File: hgeneric-testphase.def 2025-02-15 v0.96p generic Hyperref driver for the 
LaTeX PDF management testphase bundle

(/opt/texlive/texdir/texmf-dist/tex/latex/pdfmanagement-testphase/hyperref-colo
rschemes.def)
LaTeX Info: Redefining \href on input line 275.
LaTeX Info: Redefining \url on input line 361.
\l__hyp_tmpa_box=\box100
\l__hyp_tmpa_int=\count397
\l__hyp_dest_box=\box101
\g__hyp_linknestlevel_int=\count398
\HyAnn@Count=\count399
\Fld@listcount=\count400
\Hy@SectionHShift=\skip83
LaTeX Info: Redefining \Hy__hypSectionAnchor on input line 3559.
) (/opt/texlive/texdir/texmf-dist/tex/latex/bookmark/bookmark.sty
Package: bookmark 2023-12-10 v1.31 PDF bookmarks (HO)

(/opt/texlive/texdir/texmf-dist/tex/latex/bookmark/bkm-pdftex.def
File: bkm-pdftex.def 2023-12-10 v1.31 bookmark driver for pdfTeX and luaTeX (HO
)
\BKM@id=\count401
))
(/opt/texlive/texdir/texmf-dist/tex/latex/zref/zref-titleref.sty
Package: zref-titleref 2023-09-14 v2.35 Module titleref for zref (HO)

(/opt/texlive/texdir/texmf-dist/tex/latex/zref/zref-base.sty
Package: zref-base 2023-09-14 v2.35 Module base for zref (HO)

(/opt/texlive/texdir/texmf-dist/tex/latex/auxhook/auxhook.sty
Package: auxhook 2019-12-17 v1.6 Hooks for auxiliary files (HO)
)
Package zref Info: New property list: main on input line 767.
Package zref Info: New property: default on input line 768.
Package zref Info: New property: page on input line 769.
)
Package zref Info: New property: title on input line 58.
)
(/opt/texlive/texdir/texmf-dist/tex/latex/zref-clever/zref-clever.sty
Package: zref-clever 2024-11-28 v0.5.1 Clever LaTeX cross-references based on z
ref

(/opt/texlive/texdir/texmf-dist/tex/latex/zref/zref-user.sty
Package: zref-user 2023-09-14 v2.35 Module user for zref (HO)
)
(/opt/texlive/texdir/texmf-dist/tex/latex/zref/zref-abspage.sty
Package: zref-abspage 2023-09-14 v2.35 Module abspage for zref (HO)
\c@abspage=\count402
Package zref Info: New property: abspage on input line 67.
)
(/opt/texlive/texdir/texmf-dist/tex/latex/oberdiek/ifdraft.sty
Package: ifdraft 2016/05/16 v1.4 Detect class options draft and final (HO)
)
Package zref Info: New property: zc@counter on input line 61.
Package zref Info: New property: thecounter on input line 63.
Package zref Info: New property: zc@type on input line 73.
Package zref Info: New property: zc@cntval on input line 88.
Package zref Info: New property: zc@pgval on input line 103.
Package zref Info: New property: zc@enclval on input line 151.
Package zref Info: New property: zc@enclcnt on input line 157.
\g__zrefclever_page_format_int=\count403
Package zref Info: New property: zc@pgfmt on input line 169.
\l__zrefclever_tmpa_int=\count404
\l__zrefclever_sort_prior_a_int=\count405
\l__zrefclever_sort_prior_b_int=\count406
\l__zrefclever_type_count_int=\count407
\l__zrefclever_label_count_int=\count408
\l__zrefclever_ref_count_int=\count409
\l__zrefclever_range_count_int=\count410
\l__zrefclever_range_same_count_int=\count411
))
(./preamble/misc/macros.tex) (./preamble/misc/packages-macros.tex
(/opt/texlive/texdir/texmf-dist/tex/latex/tcolorbox/tcolorbox.sty
Package: tcolorbox 2024/10/22 version 6.4.1 text color boxes

(/opt/texlive/texdir/texmf-dist/tex/latex/pgf/frontendlayer/tikz.sty
(/opt/texlive/texdir/texmf-dist/tex/latex/pgf/basiclayer/pgf.sty
(/opt/texlive/texdir/texmf-dist/tex/latex/pgf/utilities/pgfrcs.sty
(/opt/texlive/texdir/texmf-dist/tex/generic/pgf/utilities/pgfutil-common.tex
\pgfutil@everybye=\toks46
\pgfutil@tempdima=\dimen312
\pgfutil@tempdimb=\dimen313
)
(/opt/texlive/texdir/texmf-dist/tex/generic/pgf/utilities/pgfutil-latex.def
\pgfutil@abb=\box102
)
(/opt/texlive/texdir/texmf-dist/tex/generic/pgf/utilities/pgfrcs.code.tex
(/opt/texlive/texdir/texmf-dist/tex/generic/pgf/pgf.revision.tex)
Package: pgfrcs 2023-01-15 v3.1.10 (3.1.10)
))
Package: pgf 2023-01-15 v3.1.10 (3.1.10)

(/opt/texlive/texdir/texmf-dist/tex/latex/pgf/basiclayer/pgfcore.sty
(/opt/texlive/texdir/texmf-dist/tex/latex/pgf/systemlayer/pgfsys.sty
(/opt/texlive/texdir/texmf-dist/tex/generic/pgf/systemlayer/pgfsys.code.tex
Package: pgfsys 2023-01-15 v3.1.10 (3.1.10)

(/opt/texlive/texdir/texmf-dist/tex/generic/pgf/utilities/pgfkeys.code.tex
\pgfkeys@pathtoks=\toks47
\pgfkeys@temptoks=\toks48

(/opt/texlive/texdir/texmf-dist/tex/generic/pgf/utilities/pgfkeyslibraryfiltere
d.code.tex
\pgfkeys@tmptoks=\toks49
))
\pgf@x=\dimen314
\pgf@y=\dimen315
\pgf@xa=\dimen316
\pgf@ya=\dimen317
\pgf@xb=\dimen318
\pgf@yb=\dimen319
\pgf@xc=\dimen320
\pgf@yc=\dimen321
\pgf@xd=\dimen322
\pgf@yd=\dimen323
\w@pgf@writea=\write3
\r@pgf@reada=\read2
\c@pgf@counta=\count412
\c@pgf@countb=\count413
\c@pgf@countc=\count414
\c@pgf@countd=\count415
\t@pgf@toka=\toks50
\t@pgf@tokb=\toks51
\t@pgf@tokc=\toks52
\pgf@sys@id@count=\count416

(/opt/texlive/texdir/texmf-dist/tex/generic/pgf/systemlayer/pgf.cfg
File: pgf.cfg 2023-01-15 v3.1.10 (3.1.10)
)
Driver file for pgf: pgfsys-luatex.def

(/opt/texlive/texdir/texmf-dist/tex/generic/pgf/systemlayer/pgfsys-luatex.def
File: pgfsys-luatex.def 2023-01-15 v3.1.10 (3.1.10)

(/opt/texlive/texdir/texmf-dist/tex/generic/pgf/systemlayer/pgfsys-common-pdf.d
ef
File: pgfsys-common-pdf.def 2023-01-15 v3.1.10 (3.1.10)
)))
(/opt/texlive/texdir/texmf-dist/tex/generic/pgf/systemlayer/pgfsyssoftpath.code
.tex
File: pgfsyssoftpath.code.tex 2023-01-15 v3.1.10 (3.1.10)
\pgfsyssoftpath@smallbuffer@items=\count417
\pgfsyssoftpath@bigbuffer@items=\count418
)
(/opt/texlive/texdir/texmf-dist/tex/generic/pgf/systemlayer/pgfsysprotocol.code
.tex
File: pgfsysprotocol.code.tex 2023-01-15 v3.1.10 (3.1.10)
))
(/opt/texlive/texdir/texmf-dist/tex/generic/pgf/basiclayer/pgfcore.code.tex
Package: pgfcore 2023-01-15 v3.1.10 (3.1.10)

(/opt/texlive/texdir/texmf-dist/tex/generic/pgf/math/pgfmath.code.tex
(/opt/texlive/texdir/texmf-dist/tex/generic/pgf/math/pgfmathutil.code.tex)
(/opt/texlive/texdir/texmf-dist/tex/generic/pgf/math/pgfmathparser.code.tex
\pgfmath@dimen=\dimen324
\pgfmath@count=\count419
\pgfmath@box=\box103
\pgfmath@toks=\toks53
\pgfmath@stack@operand=\toks54
\pgfmath@stack@operation=\toks55
)
(/opt/texlive/texdir/texmf-dist/tex/generic/pgf/math/pgfmathfunctions.code.tex)
(/opt/texlive/texdir/texmf-dist/tex/generic/pgf/math/pgfmathfunctions.basic.cod
e.tex)
(/opt/texlive/texdir/texmf-dist/tex/generic/pgf/math/pgfmathfunctions.trigonome
tric.code.tex)
(/opt/texlive/texdir/texmf-dist/tex/generic/pgf/math/pgfmathfunctions.random.co
de.tex)
(/opt/texlive/texdir/texmf-dist/tex/generic/pgf/math/pgfmathfunctions.compariso
n.code.tex)
(/opt/texlive/texdir/texmf-dist/tex/generic/pgf/math/pgfmathfunctions.base.code
.tex)
(/opt/texlive/texdir/texmf-dist/tex/generic/pgf/math/pgfmathfunctions.round.cod
e.tex)
(/opt/texlive/texdir/texmf-dist/tex/generic/pgf/math/pgfmathfunctions.misc.code
.tex)
(/opt/texlive/texdir/texmf-dist/tex/generic/pgf/math/pgfmathfunctions.integerar
ithmetics.code.tex)
(/opt/texlive/texdir/texmf-dist/tex/generic/pgf/math/pgfmathcalc.code.tex)
(/opt/texlive/texdir/texmf-dist/tex/generic/pgf/math/pgfmathfloat.code.tex
\c@pgfmathroundto@lastzeros=\count420
))
(/opt/texlive/texdir/texmf-dist/tex/generic/pgf/math/pgfint.code.tex)
(/opt/texlive/texdir/texmf-dist/tex/generic/pgf/basiclayer/pgfcorepoints.code.t
ex
File: pgfcorepoints.code.tex 2023-01-15 v3.1.10 (3.1.10)
\pgf@picminx=\dimen325
\pgf@picmaxx=\dimen326
\pgf@picminy=\dimen327
\pgf@picmaxy=\dimen328
\pgf@pathminx=\dimen329
\pgf@pathmaxx=\dimen330
\pgf@pathminy=\dimen331
\pgf@pathmaxy=\dimen332
\pgf@xx=\dimen333
\pgf@xy=\dimen334
\pgf@yx=\dimen335
\pgf@yy=\dimen336
\pgf@zx=\dimen337
\pgf@zy=\dimen338
)
(/opt/texlive/texdir/texmf-dist/tex/generic/pgf/basiclayer/pgfcorepathconstruct
.code.tex
File: pgfcorepathconstruct.code.tex 2023-01-15 v3.1.10 (3.1.10)
\pgf@path@lastx=\dimen339
\pgf@path@lasty=\dimen340
)
(/opt/texlive/texdir/texmf-dist/tex/generic/pgf/basiclayer/pgfcorepathusage.cod
e.tex
File: pgfcorepathusage.code.tex 2023-01-15 v3.1.10 (3.1.10)
\pgf@shorten@end@additional=\dimen341
\pgf@shorten@start@additional=\dimen342
)
(/opt/texlive/texdir/texmf-dist/tex/generic/pgf/basiclayer/pgfcorescopes.code.t
ex
File: pgfcorescopes.code.tex 2023-01-15 v3.1.10 (3.1.10)
\pgfpic=\box104
\pgf@hbox=\box105
\pgf@layerbox@main=\box106
\pgf@picture@serial@count=\count421
)
(/opt/texlive/texdir/texmf-dist/tex/generic/pgf/basiclayer/pgfcoregraphicstate.
code.tex
File: pgfcoregraphicstate.code.tex 2023-01-15 v3.1.10 (3.1.10)
\pgflinewidth=\dimen343
)
(/opt/texlive/texdir/texmf-dist/tex/generic/pgf/basiclayer/pgfcoretransformatio
ns.code.tex
File: pgfcoretransformations.code.tex 2023-01-15 v3.1.10 (3.1.10)
\pgf@pt@x=\dimen344
\pgf@pt@y=\dimen345
\pgf@pt@temp=\dimen346
)
(/opt/texlive/texdir/texmf-dist/tex/generic/pgf/basiclayer/pgfcorequick.code.te
x
File: pgfcorequick.code.tex 2023-01-15 v3.1.10 (3.1.10)
)
(/opt/texlive/texdir/texmf-dist/tex/generic/pgf/basiclayer/pgfcoreobjects.code.
tex
File: pgfcoreobjects.code.tex 2023-01-15 v3.1.10 (3.1.10)
)
(/opt/texlive/texdir/texmf-dist/tex/generic/pgf/basiclayer/pgfcorepathprocessin
g.code.tex
File: pgfcorepathprocessing.code.tex 2023-01-15 v3.1.10 (3.1.10)
)
(/opt/texlive/texdir/texmf-dist/tex/generic/pgf/basiclayer/pgfcorearrows.code.t
ex
File: pgfcorearrows.code.tex 2023-01-15 v3.1.10 (3.1.10)
\pgfarrowsep=\dimen347
)
(/opt/texlive/texdir/texmf-dist/tex/generic/pgf/basiclayer/pgfcoreshade.code.te
x
File: pgfcoreshade.code.tex 2023-01-15 v3.1.10 (3.1.10)
\pgf@max=\dimen348
\pgf@sys@shading@range@num=\count422
\pgf@shadingcount=\count423
)
(/opt/texlive/texdir/texmf-dist/tex/generic/pgf/basiclayer/pgfcoreimage.code.te
x
File: pgfcoreimage.code.tex 2023-01-15 v3.1.10 (3.1.10)
)
(/opt/texlive/texdir/texmf-dist/tex/generic/pgf/basiclayer/pgfcoreexternal.code
.tex
File: pgfcoreexternal.code.tex 2023-01-15 v3.1.10 (3.1.10)
\pgfexternal@startupbox=\box107
)
(/opt/texlive/texdir/texmf-dist/tex/generic/pgf/basiclayer/pgfcorelayers.code.t
ex
File: pgfcorelayers.code.tex 2023-01-15 v3.1.10 (3.1.10)
)
(/opt/texlive/texdir/texmf-dist/tex/generic/pgf/basiclayer/pgfcoretransparency.
code.tex
File: pgfcoretransparency.code.tex 2023-01-15 v3.1.10 (3.1.10)
)
(/opt/texlive/texdir/texmf-dist/tex/generic/pgf/basiclayer/pgfcorepatterns.code
.tex
File: pgfcorepatterns.code.tex 2023-01-15 v3.1.10 (3.1.10)
)
(/opt/texlive/texdir/texmf-dist/tex/generic/pgf/basiclayer/pgfcorerdf.code.tex
File: pgfcorerdf.code.tex 2023-01-15 v3.1.10 (3.1.10)
)))
(/opt/texlive/texdir/texmf-dist/tex/generic/pgf/modules/pgfmoduleshapes.code.te
x
File: pgfmoduleshapes.code.tex 2023-01-15 v3.1.10 (3.1.10)
\pgfnodeparttextbox=\box108
)
(/opt/texlive/texdir/texmf-dist/tex/generic/pgf/modules/pgfmoduleplot.code.tex
File: pgfmoduleplot.code.tex 2023-01-15 v3.1.10 (3.1.10)
)
(/opt/texlive/texdir/texmf-dist/tex/latex/pgf/compatibility/pgfcomp-version-0-6
5.sty
Package: pgfcomp-version-0-65 2023-01-15 v3.1.10 (3.1.10)
\pgf@nodesepstart=\dimen349
\pgf@nodesepend=\dimen350
)
(/opt/texlive/texdir/texmf-dist/tex/latex/pgf/compatibility/pgfcomp-version-1-1
8.sty
Package: pgfcomp-version-1-18 2023-01-15 v3.1.10 (3.1.10)
)) (/opt/texlive/texdir/texmf-dist/tex/latex/pgf/utilities/pgffor.sty
(/opt/texlive/texdir/texmf-dist/tex/latex/pgf/utilities/pgfkeys.sty
(/opt/texlive/texdir/texmf-dist/tex/generic/pgf/utilities/pgfkeys.code.tex))
(/opt/texlive/texdir/texmf-dist/tex/latex/pgf/math/pgfmath.sty
(/opt/texlive/texdir/texmf-dist/tex/generic/pgf/math/pgfmath.code.tex))
(/opt/texlive/texdir/texmf-dist/tex/generic/pgf/utilities/pgffor.code.tex
Package: pgffor 2023-01-15 v3.1.10 (3.1.10)
\pgffor@iter=\dimen351
\pgffor@skip=\dimen352
\pgffor@stack=\toks56
\pgffor@toks=\toks57
))
(/opt/texlive/texdir/texmf-dist/tex/generic/pgf/frontendlayer/tikz/tikz.code.te
x
Package: tikz 2023-01-15 v3.1.10 (3.1.10)

(/opt/texlive/texdir/texmf-dist/tex/generic/pgf/libraries/pgflibraryplothandler
s.code.tex
File: pgflibraryplothandlers.code.tex 2023-01-15 v3.1.10 (3.1.10)
\pgf@plot@mark@count=\count424
\pgfplotmarksize=\dimen353
)
\tikz@lastx=\dimen354
\tikz@lasty=\dimen355
\tikz@lastxsaved=\dimen356
\tikz@lastysaved=\dimen357
\tikz@lastmovetox=\dimen358
\tikz@lastmovetoy=\dimen359
\tikzleveldistance=\dimen360
\tikzsiblingdistance=\dimen361
\tikz@figbox=\box109
\tikz@figbox@bg=\box110
\tikz@tempbox=\box111
\tikz@tempbox@bg=\box112
\tikztreelevel=\count425
\tikznumberofchildren=\count426
\tikznumberofcurrentchild=\count427
\tikz@fig@count=\count428

(/opt/texlive/texdir/texmf-dist/tex/generic/pgf/modules/pgfmodulematrix.code.te
x
File: pgfmodulematrix.code.tex 2023-01-15 v3.1.10 (3.1.10)
\pgfmatrixcurrentrow=\count429
\pgfmatrixcurrentcolumn=\count430
\pgf@matrix@numberofcolumns=\count431
)
\tikz@expandcount=\count432

(/opt/texlive/texdir/texmf-dist/tex/generic/pgf/frontendlayer/tikz/libraries/ti
kzlibrarytopaths.code.tex
File: tikzlibrarytopaths.code.tex 2023-01-15 v3.1.10 (3.1.10)
)))
(/opt/texlive/texdir/texmf-dist/tex/latex/tools/verbatim.sty
Package: verbatim 2024-01-22 v1.5x LaTeX2e package for verbatim enhancements
\every@verbatim=\toks58
\verbatim@line=\toks59
\verbatim@in@stream=\read3
)
(/opt/texlive/texdir/texmf-dist/tex/latex/environ/environ.sty
Package: environ 2014/05/04 v0.3 A new way to define environments

(/opt/texlive/texdir/texmf-dist/tex/latex/trimspaces/trimspaces.sty
Package: trimspaces 2009/09/17 v1.1 Trim spaces around a token list
))
\tcb@titlebox=\box113
\tcb@upperbox=\box114
\tcb@lowerbox=\box115
\tcb@phantombox=\box116
\c@tcbbreakpart=\count433
\c@tcblayer=\count434
\c@tcolorbox@number=\count435
\l__tcobox_tmpa_box=\box117
\l__tcobox_tmpa_dim=\dimen362
\tcb@temp=\box118
\tcb@temp=\box119
\tcb@temp=\box120
\tcb@temp=\box121
))
(./preamble/misc/tikz.tex
(/opt/texlive/texdir/texmf-dist/tex/generic/pgf/frontendlayer/tikz/libraries/ti
kzlibraryfadings.code.tex
File: tikzlibraryfadings.code.tex 2023-01-15 v3.1.10 (3.1.10)

(/opt/texlive/texdir/texmf-dist/tex/generic/pgf/libraries/pgflibraryfadings.cod
e.tex
File: pgflibraryfadings.code.tex 2023-01-15 v3.1.10 (3.1.10)
))
(/opt/texlive/texdir/texmf-dist/tex/generic/pgf/libraries/pgflibraryarrows.meta
.code.tex
File: pgflibraryarrows.meta.code.tex 2023-01-15 v3.1.10 (3.1.10)
\pgfarrowinset=\dimen363
\pgfarrowlength=\dimen364
\pgfarrowwidth=\dimen365
\pgfarrowlinewidth=\dimen366
)
(/opt/texlive/texdir/texmf-dist/tex/generic/pgf/frontendlayer/tikz/libraries/ti
kzlibrarycalc.code.tex
File: tikzlibrarycalc.code.tex 2023-01-15 v3.1.10 (3.1.10)
)
(/opt/texlive/texdir/texmf-dist/tex/generic/tikz-cd/tikzlibrarycd.code.tex
(/opt/texlive/texdir/texmf-dist/tex/generic/pgf/frontendlayer/tikz/libraries/ti
kzlibrarymatrix.code.tex
File: tikzlibrarymatrix.code.tex 2023-01-15 v3.1.10 (3.1.10)
)
(/opt/texlive/texdir/texmf-dist/tex/generic/pgf/frontendlayer/tikz/libraries/ti
kzlibraryquotes.code.tex
File: tikzlibraryquotes.code.tex 2023-01-15 v3.1.10 (3.1.10)
))
(/opt/texlive/texdir/texmf-dist/tex/generic/pgf/frontendlayer/tikz/libraries/ti
kzlibrarydecorations.pathmorphing.code.tex
(/opt/texlive/texdir/texmf-dist/tex/generic/pgf/frontendlayer/tikz/libraries/ti
kzlibrarydecorations.code.tex
(/opt/texlive/texdir/texmf-dist/tex/generic/pgf/modules/pgfmoduledecorations.co
de.tex
\pgfdecoratedcompleteddistance=\dimen367
\pgfdecoratedremainingdistance=\dimen368
\pgfdecoratedinputsegmentcompleteddistance=\dimen369
\pgfdecoratedinputsegmentremainingdistance=\dimen370
\pgf@decorate@distancetomove=\dimen371
\pgf@decorate@repeatstate=\count436
\pgfdecorationsegmentamplitude=\dimen372
\pgfdecorationsegmentlength=\dimen373
)
\tikz@lib@dec@box=\box122
)
(/opt/texlive/texdir/texmf-dist/tex/generic/pgf/libraries/decorations/pgflibrar
ydecorations.pathmorphing.code.tex))
(/opt/texlive/texdir/texmf-dist/tex/generic/pgf/frontendlayer/tikz/libraries/ti
kzlibrarydecorations.markings.code.tex
(/opt/texlive/texdir/texmf-dist/tex/generic/pgf/libraries/decorations/pgflibrar
ydecorations.markings.code.tex))
(/opt/texlive/texdir/texmf-dist/tex/generic/pgf/frontendlayer/tikz/libraries/ti
kzlibrarytrees.code.tex
File: tikzlibrarytrees.code.tex 2023-01-15 v3.1.10 (3.1.10)
)
(/opt/texlive/texdir/texmf-dist/tex/generic/pgf/frontendlayer/tikz/libraries/ti
kzlibraryfit.code.tex
File: tikzlibraryfit.code.tex 2023-01-15 v3.1.10 (3.1.10)
)) (./preamble/misc/inkscape.tex
(/opt/texlive/texdir/texmf-dist/tex/latex/tools/shellesc.sty
Package: shellesc 2023/07/08 v1.0d unified shell escape interface for LaTeX
Package shellesc Info: Unrestricted shell escape enabled on input line 75.
)
(/opt/texlive/texdir/texmf-dist/tex/latex/filemod/filemod.sty
Package: filemod 2011/09/19 v1.2 Get and compare file modification times

(/opt/texlive/texdir/texmf-dist/tex/latex/filemod/filemod-expmin.sty
Package: filemod-expmin 2011/09/19 v1.2 Get and compare file modification times
 (expandable; minimal)
)))
(./preamble/layout/geometry.tex
(/opt/texlive/texdir/texmf-dist/tex/latex/sidenotes/sidenotes.sty
(/opt/texlive/texdir/texmf-dist/tex/latex/l3packages/l3keys2e/l3keys2e.sty
Package: l3keys2e 2024-08-16 LaTeX2e option processing using LaTeX3 keys
)
Package: sidenotes 2024/09/12 v1.20 Rich text in the margin for LaTeX

(/opt/texlive/texdir/texmf-dist/tex/latex/marginnote/marginnote.sty
Package: marginnote 2018/08/09 1.4b non floating margin notes for LaTeX
\c@mn@abspage=\count437
)
(/opt/texlive/texdir/texmf-dist/tex/latex/changepage/changepage.sty
Package: changepage 2009/10/20 v1.0c check page and change page layout
\c@cp@cntr=\count438
\cp@tempcnt=\count439
LaTeX Info: Redefining \checkoddpage on input line 59.
)
\c@sidenote=\count440
\@sidenotes@marginfigurebox=\box123
\@sidenotes@margintablebox=\box124
)
(/opt/texlive/texdir/texmf-dist/tex/latex/morefloats/morefloats.sty
Package: morefloats 2025/01/28 v1.1a Raise limit of unprocessed floats (HMM)
Package morefloats Info: Maximum number of possible floats asked for: 45
(morefloats)             (i.e. 27 more floats).
(morefloats)             LaTeX might run out of memory before this
(morefloats)             (in which case it will notify you).
)
(/opt/texlive/texdir/texmf-dist/tex/latex/marginfix/marginfix.sty
Package: marginfix 2020/05/06 v1.2 Fix Margin Paragraphs
\Mfx@inject@insert=\insert251
\Mfx@marginbox=\box125
\Mfx@marginpos@min=\dimen374
\Mfx@marginpos@max=\dimen375
\Mfx@marginspace=\dimen376
\Mfx@marginheight=\dimen377
\Mfx@piece@content=\box126
\Mfx@piece@count=\count441
\Mfx@mparshift=\dimen378
\marginheightadjustment=\dimen379
\marginposadjustment=\dimen380
\Mfx@strutheight=\dimen381
)
(/opt/texlive/texdir/texmf-dist/tex/latex/geometry/geometry.sty
Package: geometry 2020/01/02 v5.9 Page Geometry

(/opt/texlive/texdir/texmf-dist/tex/generic/iftex/ifvtex.sty
Package: ifvtex 2019/10/25 v1.7 ifvtex legacy package. Use iftex instead.
)
\Gm@cnth=\count442
\Gm@cntv=\count443
\c@Gm@tempcnt=\count444
\Gm@bindingoffset=\dimen382
\Gm@wd@mp=\dimen383
\Gm@odd@mp=\dimen384
\Gm@even@mp=\dimen385
\Gm@layoutwidth=\dimen386
\Gm@layoutheight=\dimen387
\Gm@layouthoffset=\dimen388
\Gm@layoutvoffset=\dimen389
\Gm@dimlist=\toks60
)
\overhang=\skip84

(/opt/texlive/texdir/texmf-dist/tex/latex/fmtcount/fmtcount.sty
Package: fmtcount 2025/02/09 v3.10 Displaying the values of LaTeX counters (NT,
VB,NE)

(/opt/texlive/texdir/texmf-dist/tex/latex/fmtcount/fcprefix.sty
Package: fcprefix 2012/09/28

(/opt/texlive/texdir/texmf-dist/tex/latex/fmtcount/fcnumparser.sty
Package: fcnumparser 2017/06/15
\fc@digit@counter=\count445
))
\c@padzeroesN=\count446
\fc@tmpcatcode=\count447
\@DT@modctr=\count448
\@ordinalctr=\count449
\@orgargctr=\count450
\@strctr=\count451
\@tmpstrctr=\count452
\@DT@loopN=\count453
\@DT@X=\count454
)
(/opt/texlive/texdir/texmf-dist/tex/latex/ragged2e/ragged2e.sty
Package: ragged2e 2023/06/22 v3.6 ragged2e Package
\CenteringLeftskip=\skip85
\RaggedLeftLeftskip=\skip86
\RaggedRightLeftskip=\skip87
\CenteringRightskip=\skip88
\RaggedLeftRightskip=\skip89
\RaggedRightRightskip=\skip90
\CenteringParfillskip=\skip91
\RaggedLeftParfillskip=\skip92
\RaggedRightParfillskip=\skip93
\JustifyingParfillskip=\skip94
\CenteringParindent=\skip95
\RaggedLeftParindent=\skip96
\RaggedRightParindent=\skip97
\JustifyingParindent=\skip98
))
(./preamble/layout/numbering.tex) (./preamble/layout/headers.tex
(/opt/texlive/texdir/texmf-dist/tex/latex/fancyhdr/fancyhdr.sty
Package: fancyhdr 2025/02/07 v5.2 Extensive control of page headers and footers

\f@nch@headwidth=\skip99
\f@nch@offset@elh=\skip100
\f@nch@offset@erh=\skip101
\f@nch@offset@olh=\skip102
\f@nch@offset@orh=\skip103
\f@nch@offset@elf=\skip104
\f@nch@offset@erf=\skip105
\f@nch@offset@olf=\skip106
\f@nch@offset@orf=\skip107
\f@nch@height=\skip108
\f@nch@footalignment=\skip109
\f@nch@widthL=\skip110
\f@nch@widthC=\skip111
\f@nch@widthR=\skip112
\@temptokenb=\toks61
)
\headerpadding=\skip113
\defaultheaderrule=\box127
\chapterheaderrule=\box128
)
(./preamble/layout/titles.tex
(/opt/texlive/texdir/texmf-dist/tex/latex/titlesec/titlesec.sty
Package: titlesec 2025/01/04 v2.17 Sectioning titles
\ttl@box=\box129
\beforetitleunit=\skip114
\aftertitleunit=\skip115
\ttl@plus=\dimen390
\ttl@minus=\dimen391
\ttl@toksa=\toks62
\titlewidth=\dimen392
\titlewidthlast=\dimen393
\titlewidthfirst=\dimen394
))
(./preamble/layout/toc.tex
(/opt/texlive/texdir/texmf-dist/tex/latex/titlesec/titletoc.sty
Package: titletoc 2025/01/04 v2.17 TOC entries
\ttl@leftsep=\dimen395
)
(/opt/texlive/texdir/texmf-dist/tex/latex/tocbibind/tocbibind.sty
Package: tocbibind 2010/10/13 v1.5k extra ToC listings
Package tocbibind Info: The document has chapter divisions on input line 50.


Package tocbibind Note: Using chapter style headings, unless overridden.

)) (./preamble/references/biblatex.tex
(/opt/texlive/texdir/texmf-dist/tex/latex/biblatex/biblatex.sty
Package: biblatex 2024/03/21 v3.20 programmable bibliographies (PK/MW)

(/opt/texlive/texdir/texmf-dist/tex/latex/logreq/logreq.sty
Package: logreq 2010/08/04 v1.0 xml request logger
\lrq@indent=\count455

(/opt/texlive/texdir/texmf-dist/tex/latex/logreq/logreq.def
File: logreq.def 2010/08/04 v1.0 logreq spec v1.0
))
\c@tabx@nest=\count456
\c@listtotal=\count457
\c@listcount=\count458
\c@liststart=\count459
\c@liststop=\count460
\c@citecount=\count461
\c@citetotal=\count462
\c@multicitecount=\count463
\c@multicitetotal=\count464
\c@instcount=\count465
\c@maxnames=\count466
\c@minnames=\count467
\c@maxitems=\count468
\c@minitems=\count469
\c@citecounter=\count470
\c@maxcitecounter=\count471
\c@savedcitecounter=\count472
\c@uniquelist=\count473
\c@uniquename=\count474
\c@refsection=\count475
\c@refsegment=\count476
\c@maxextratitle=\count477
\c@maxextratitleyear=\count478
\c@maxextraname=\count479
\c@maxextradate=\count480
\c@maxextraalpha=\count481
\c@abbrvpenalty=\count482
\c@highnamepenalty=\count483
\c@lownamepenalty=\count484
\c@maxparens=\count485
\c@parenlevel=\count486
\blx@tempcnta=\count487
\blx@tempcntb=\count488
\blx@tempcntc=\count489
\c@blx@maxsection=\count490
\blx@maxsegment@0=\count491
\blx@notetype=\count492
\blx@parenlevel@text=\count493
\blx@parenlevel@foot=\count494
\blx@sectionciteorder@0=\count495
\blx@sectionciteorderinternal@0=\count496
\blx@entrysetcounter=\count497
\blx@biblioinstance=\count498
\labelnumberwidth=\skip116
\labelalphawidth=\skip117
\biblabelsep=\skip118
\bibitemsep=\skip119
\bibnamesep=\skip120
\bibinitsep=\skip121
\bibparsep=\skip122
\bibhang=\skip123
\blx@bcfin=\read4
\blx@bcfout=\write4
\blx@langwohyphens=\language2
\c@mincomprange=\count499
\c@maxcomprange=\count500
\c@mincompwidth=\count501
Package biblatex Info: Trying to load biblatex default data model...
Package biblatex Info: ... file 'blx-dm.def' found.

(/opt/texlive/texdir/texmf-dist/tex/latex/biblatex/blx-dm.def
File: blx-dm.def 2024/03/21 v3.20 biblatex datamodel (PK/MW)
)
Package biblatex Info: Trying to load biblatex style data model...
Package biblatex Info: ... file 'preamble/references/biblatex-extra-fields.dbx'
 found.

(./preamble/references/biblatex-extra-fields.dbx)
Package biblatex Info: Trying to load biblatex custom data model...
Package biblatex Info: ... file 'biblatex-dm.cfg' not found.
\c@afterword=\count502
\c@savedafterword=\count503
\c@annotator=\count504
\c@savedannotator=\count505
\c@author=\count506
\c@savedauthor=\count507
\c@bookauthor=\count508
\c@savedbookauthor=\count509
\c@commentator=\count510
\c@savedcommentator=\count511
\c@editor=\count512
\c@savededitor=\count513
\c@editora=\count514
\c@savededitora=\count515
\c@editorb=\count516
\c@savededitorb=\count517
\c@editorc=\count518
\c@savededitorc=\count519
\c@foreword=\count520
\c@savedforeword=\count521
\c@holder=\count522
\c@savedholder=\count523
\c@introduction=\count524
\c@savedintroduction=\count525
\c@namea=\count526
\c@savednamea=\count527
\c@nameb=\count528
\c@savednameb=\count529
\c@namec=\count530
\c@savednamec=\count531
\c@translator=\count532
\c@savedtranslator=\count533
\c@shortauthor=\count534
\c@savedshortauthor=\count535
\c@shorteditor=\count536
\c@savedshorteditor=\count537
\c@labelname=\count538
\c@savedlabelname=\count539
\c@institution=\count540
\c@savedinstitution=\count541
\c@lista=\count542
\c@savedlista=\count543
\c@listb=\count544
\c@savedlistb=\count545
\c@listc=\count546
\c@savedlistc=\count547
\c@listd=\count548
\c@savedlistd=\count549
\c@liste=\count550
\c@savedliste=\count551
\c@listf=\count552
\c@savedlistf=\count553
\c@location=\count554
\c@savedlocation=\count555
\c@organization=\count556
\c@savedorganization=\count557
\c@origlocation=\count558
\c@savedoriglocation=\count559
\c@origpublisher=\count560
\c@savedorigpublisher=\count561
\c@publisher=\count562
\c@savedpublisher=\count563
\c@language=\count564
\c@savedlanguage=\count565
\c@origlanguage=\count566
\c@savedoriglanguage=\count567
\c@pageref=\count568
\c@savedpageref=\count569
\shorthandwidth=\skip124
\shortjournalwidth=\skip125
\shortserieswidth=\skip126
\shorttitlewidth=\skip127
\shortauthorwidth=\skip128
\shorteditorwidth=\skip129
\locallabelnumberwidth=\skip130
\locallabelalphawidth=\skip131
\localshorthandwidth=\skip132
\localshortjournalwidth=\skip133
\localshortserieswidth=\skip134
\localshorttitlewidth=\skip135
\localshortauthorwidth=\skip136
\localshorteditorwidth=\skip137
Package biblatex Info: Trying to load enhanced support for Unicode engines...
Package biblatex Info: ... file 'blx-unicode.def' found.

(/opt/texlive/texdir/texmf-dist/tex/latex/biblatex/blx-unicode.def)
Package biblatex Info: Trying to load compatibility code...
Package biblatex Info: ... file 'blx-compat.def' found.

(/opt/texlive/texdir/texmf-dist/tex/latex/biblatex/blx-compat.def
File: blx-compat.def 2024/03/21 v3.20 biblatex compatibility (PK/MW)
)
Package biblatex Info: Trying to load generic definitions...
Package biblatex Info: ... file 'biblatex.def' found.

(/opt/texlive/texdir/texmf-dist/tex/latex/biblatex/biblatex.def
File: biblatex.def 2024/03/21 v3.20 biblatex compatibility (PK/MW)
\c@textcitecount=\count570
\c@textcitetotal=\count571
\c@textcitemaxnames=\count572
\c@biburlbigbreakpenalty=\count573
\c@biburlbreakpenalty=\count574
\c@biburlnumpenalty=\count575
\c@biburlucpenalty=\count576
\c@biburllcpenalty=\count577
\biburlbigskip=\muskip19
\biburlnumskip=\muskip20
\biburlucskip=\muskip21
\biburllcskip=\muskip22
\c@smartand=\count578
)
Package biblatex Info: Trying to load bibliography style 'ext-numeric-verb'...
Package biblatex Info: ... file 'ext-numeric-verb.bbx' found.

(/opt/texlive/texdir/texmf-dist/tex/latex/biblatex-ext/ext-numeric-verb.bbx
File: ext-numeric-verb.bbx 2024/03/24 v0.18 extended biblatex numeric-verb bibl
iography style (MW)
Package biblatex Info: Trying to load bibliography style 'ext-standard'...
Package biblatex Info: ... file 'ext-standard.bbx' found.

(/opt/texlive/texdir/texmf-dist/tex/latex/biblatex-ext/ext-standard.bbx
File: ext-standard.bbx 2024/03/24 v0.18 extended biblatex standard style (MW)
Package biblatex Info: Trying to load auxiliary code for ext-biblatex...
Package biblatex Info: ... file 'ext-biblatex-aux.def' found.

(/opt/texlive/texdir/texmf-dist/tex/latex/biblatex-ext/ext-biblatex-aux.def
File: ext-biblatex-aux.def 2024/03/24 v0.18 auxiliaries for extended biblatex c
itation style (MW)
)
Package biblatex Info: Trying to load bibliography style 'standard'...
Package biblatex Info: ... file 'standard.bbx' found.

(/opt/texlive/texdir/texmf-dist/tex/latex/biblatex/bbx/standard.bbx
File: standard.bbx 2024/03/21 v3.20 biblatex bibliography style (PK/MW)
\c@bbx:relatedcount=\count579
\c@bbx:relatedtotal=\count580
)
\extbl@this@introcitewidth=\skip138
\introcitewidth=\skip139
\introcitesep=\skip140
Package biblatex Info: Delimiter 'innametitledelim' in context 'bib' already de
fined, overwriting.
Package biblatex Info: Delimiter 'innametitledelim' in context 'biblist' alread
y defined, overwriting.
)
Package biblatex Info: Trying to load bibliography style 'numeric-verb'...
Package biblatex Info: ... file 'numeric-verb.bbx' found.

(/opt/texlive/texdir/texmf-dist/tex/latex/biblatex/bbx/numeric-verb.bbx
File: numeric-verb.bbx 2024/03/21 v3.20 biblatex bibliography style (PK/MW)
Package biblatex Info: Trying to load bibliography style 'numeric'...
Package biblatex Info: ... file 'numeric.bbx' found.

(/opt/texlive/texdir/texmf-dist/tex/latex/biblatex/bbx/numeric.bbx
File: numeric.bbx 2024/03/21 v3.20 biblatex bibliography style (PK/MW)
)))
Package biblatex Info: Trying to load citation style 'ext-numeric-verb'...
Package biblatex Info: ... file 'ext-numeric-verb.cbx' found.

(/opt/texlive/texdir/texmf-dist/tex/latex/biblatex-ext/ext-numeric-verb.cbx
File: ext-numeric-verb.cbx 2024/03/24 v0.18 extended biblatex numeric-verb cita
tion style (MW)
Package biblatex Info: Trying to load citation style 'numeric-verb'...
Package biblatex Info: ... file 'numeric-verb.cbx' found.

(/opt/texlive/texdir/texmf-dist/tex/latex/biblatex/cbx/numeric-verb.cbx
File: numeric-verb.cbx 2024/03/21 v3.20 biblatex citation style (PK/MW)
Package biblatex Info: Redefining '\cite'.
Package biblatex Info: Redefining '\parencite'.
Package biblatex Info: Redefining '\footcite'.
Package biblatex Info: Redefining '\footcitetext'.
Package biblatex Info: Redefining '\smartcite'.
Package biblatex Info: Redefining '\textcite'.
Package biblatex Info: Redefining '\supercite'.
Package biblatex Info: Redefining '\parencites'.
Package biblatex Info: Redefining '\smartcites'.
Package biblatex Info: Redefining '\textcites'.
)
Package biblatex Info: Redefining '\cite'.
Package biblatex Info: Redefining '\parencite'.
Package biblatex Info: Redefining '\footcite'.
Package biblatex Info: Redefining '\footcitetext'.
Package biblatex Info: Redefining '\smartcite'.
Package biblatex Info: Redefining '\textcite'.
Package biblatex Info: Redefining '\supercite'.
Package biblatex Info: Redefining '\parencites'.
Package biblatex Info: Redefining '\footcites'.
Package biblatex Info: Redefining '\footcitetexts'.
Package biblatex Info: Redefining '\smartcites'.
Package biblatex Info: Redefining '\textcites'.
)
Package biblatex Info: Trying to load configuration file...
Package biblatex Info: ... file 'biblatex.cfg' found.

(/opt/texlive/texdir/texmf-dist/tex/latex/biblatex/biblatex.cfg
File: biblatex.cfg 
)
Package biblatex Info: LuaTeX detected.
(biblatex)             Assuming input encoding 'utf8'.
Package biblatex Info: Document encoding is UTF8 ....
Package biblatex Info: ... and expl3
(biblatex)             2025-01-18 L3 programming layer (loader) 
(biblatex)             is new enough (at least 2020/04/06),
(biblatex)             setting 'casechanger=expl3'.

(/opt/texlive/texdir/texmf-dist/tex/latex/biblatex/blx-case-expl3.sty
Package: blx-case-expl3 2024/03/21 v3.20 expl3 case changing code for biblatex
))
(./preamble/references/fields.tex) (./preamble/references/cite.tex)
(./preamble/references/style.tex
Package biblatex Info: Delimiter 'editortypedelim' in context '' already define
d, overwriting on input line 24.
) (./preamble/references/doi-eprint-url.tex)
(./preamble/references/backref.tex)) (./preamble/math/packages.tex
(/opt/texlive/texdir/texmf-dist/tex/latex/mathtools/mathtools.sty
Package: mathtools 2024/10/04 v1.31 mathematical typesetting tools

(/opt/texlive/texdir/texmf-dist/tex/latex/mathtools/mhsetup.sty
Package: mhsetup 2021/03/18 v1.4 programming setup (MH)
)
\g_MT_multlinerow_int=\count581
\l_MT_multwidth_dim=\dimen396
\origjot=\skip141
\l_MT_shortvdotswithinadjustabove_dim=\dimen397
\l_MT_shortvdotswithinadjustbelow_dim=\dimen398
\l_MT_above_intertext_sep=\dimen399
\l_MT_below_intertext_sep=\dimen400
\l_MT_above_shortintertext_sep=\dimen401
\l_MT_below_shortintertext_sep=\dimen402
\xmathstrut@box=\box130
\xmathstrut@dim=\dimen403
)
(/opt/texlive/texdir/texmf-dist/tex/latex/scalerel/scalerel.sty
Package: scalerel 2016/12/29 v1.8 Routines for constrained scaling and stretchi
ng of objects, relative to a reference object or in absolute terms
\thesrwidth=\skip142
\thesrheight=\skip143
\srblobheight=\skip144
\srblobdepth=\skip145
\mnxsrwidth=\skip146
\LMex=\skip147
\LMpt=\skip148
)
(/opt/texlive/texdir/texmf-dist/tex/latex/amsfonts/amsfonts.sty
Package: amsfonts 2013/01/14 v3.01 Basic AMSFonts support
\symAMSa=\mathgroup4
\symAMSb=\mathgroup5
LaTeX Font Info:    Redeclaring math symbol \hbar on input line 98.
LaTeX Font Info:    Overwriting math alphabet `\mathfrak' in version `bold'
(Font)                  U/euf/m/n --> U/euf/b/n on input line 106.
)
(/opt/texlive/texdir/texmf-dist/tex/latex/amsfonts/amssymb.sty
Package: amssymb 2013/01/14 v3.01 AMS font symbols
)
(/opt/texlive/texdir/texmf-dist/tex/latex/jknapltx/mathbbol.sty
Package: mathbbol 1995/01/01
\symbbold=\mathgroup6
)
(/opt/texlive/texdir/texmf-dist/tex/latex/tools/bm.sty
Package: bm 2023/12/19 v1.2f Bold Symbol Support (DPC/FMi)
\symboldoperators=\mathgroup7
\symboldletters=\mathgroup8
\symboldsymbols=\mathgroup9
Package bm Info: No bold for \OMX/lmex/m/n, using \pmb.
Package bm Info: No bold for \U/msa/m/n, using \pmb.
Package bm Info: No bold for \U/msb/m/n, using \pmb.
Package bm Info: No bold for \U/bbold/m/n, using \pmb.
LaTeX Font Info:    Redeclaring math alphabet \mathbf on input line 149.
)
(/opt/texlive/texdir/texmf-dist/tex/latex/tensind/tensind.sty
Package: tensind 1998/05/01 v1.1 Tensorial Indexes
\tsi@dimen=\dimen404
\primes=\dimen405
)
(/opt/texlive/texdir/texmf-dist/tex/latex/mathfixs/mathfixs.sty
Package: mathfixs 2024/11/18 v1.12 various fixes for math mode
)
(/opt/texlive/texdir/texmf-dist/tex/latex/delimset/delimset.sty
Package: delimset 2025/01/05 v2.1 convenient size control for delimiter sets
\delimsize=\skip149
\dlm@reg@lvl=\count582
)
(/opt/texlive/texdir/texmf-dist/tex/latex/eqnlines/eqnlines.sty
Package: eqnlines 2025/02/25 v0.5 Single- and multi-line equations
\eql@regunset@=\skip150
\eql@flushleftmargin@=\dimen406
\eql@flushleftmarginmin@=\dimen407
\eql@flushleftmarginmax@=\dimen408
\eql@tagmargin@=\dimen409
\eql@indent@=\dimen410
\eql@paddingleft@=\dimen411
\eql@paddingright@=\dimen412
\eql@tagfuzz@=\dimen413
\eql@abovedisplayskip@=\skip151
\eql@belowdisplayskip@=\skip152
\eql@abovedisplaytagskip@=\skip153
\eql@belowdisplaytagskip@=\skip154
\eql@displayshortmode@=\count583
\eql@abovedisplaycontskip@=\skip155
\eql@abovedisplaytopskip@=\skip156
\eql@belowdisplaytopskip@=\skip157
\eql@abovedisplayparskip@=\skip158
\eql@abovedisplaymedskip@=\skip159
\eql@belowdisplaymedskip@=\skip160
\eql@colsepmin@=\dimen414
\eql@colsepmax@=\dimen415
\eql@tagwidthmin@=\dimen416
\eql@tagsepmin@=\dimen417
\eql@row@=\count584
\eql@totalrows@=\count585
\eql@colsep@=\dimen418
\eql@display@firstavail@=\dimen419
\eql@raisetag@firstlast@=\count586
\eql@fieldbox@=\box131
\eql@tagbox@=\box132
\eql@fieldwidth@=\dimen420
\eql@tagwidth@=\dimen421
\eql@line@height@=\dimen422
\eql@line@depth@=\dimen423
\eql@raisetag@amount@=\dimen424
\eql@numbering@refcount@=\count587
\eql@numbering@target@=\count588
\eql@displaybreak@pen@=\count589
\eql@displaybreak@prepen@=\count590
\eql@vspaceskip@=\skip161
\eql@abovespace@=\skip162
\eql@belowspace@=\skip163
\eql@strutbox@=\box133
\eql@halign@prevdepth@=\dimen425
\eql@shape@pos@=\count591
\eql@shape@amount@=\dimen426
\eql@marginleft@=\dimen427
\eql@marginright@=\dimen428
\eql@marginbadness@=\count592
\eql@maxbadness@=\count593
\eql@column@=\count594
\eql@totalcolumns@=\count595
\eql@totalwidth@=\dimen429
\eql@line@width@=\dimen430
\eql@line@avail@=\dimen431
\eql@line@pos@=\dimen432
\eql@align@inter@=\count596
\eql@scan@reg@=\toks63
))
(./preamble/math/fonts.tex
LaTeX Font Info:    Overwriting math alphabet `\mathsf' in version `bold'
(Font)                  OT1/lmss/bx/n --> T1/lmss/sbc/n on input line 5.
LaTeX Font Info:    Overwriting math alphabet `\mathsfit' in version `bold'
(Font)                  T1/lmss/m/sl --> T1/lmss/b/sl on input line 10.
\c@mv@sans=\count597
LaTeX Font Info:    Overwriting symbol font `operators' in version `sans'
(Font)                  OT1/cmr/m/n --> OT1/cmbr/m/n on input line 18.
LaTeX Font Info:    Overwriting symbol font `letters' in version `sans'
(Font)                  OML/cmm/m/it --> OML/cmbrm/m/it on input line 19.
LaTeX Font Info:    Overwriting symbol font `symbols' in version `sans'
(Font)                  OMS/cmsy/m/n --> OMS/cmbrs/m/n on input line 20.
LaTeX Font Info:    Overwriting symbol font `largesymbols' in version `sans'
(Font)                  OMX/cmex/m/n --> OMX/iwona/m/n on input line 21.
LaTeX Font Info:    Overwriting math alphabet `\mathit' in version `sans'
(Font)                  OT1/cmr/m/it --> OT1/cmbr/m/sl on input line 22.
LaTeX Font Info:    Overwriting math alphabet `\mathsf' in version `sans'
(Font)                  OT1/cmss/m/n --> OT1/lmss/m/n on input line 23.
LaTeX Font Info:    Overwriting math alphabet `\mathbf' in version `sans'
(Font)                  OT1/lmr/bx/n --> OT1/cmbr/bx/n on input line 24.
LaTeX Font Info:    Overwriting math alphabet `\mathtt' in version `sans'
(Font)                  OT1/cmtt/m/n --> OT1/cmtl/m/n on input line 25.
\c@mv@boldsans=\count598
LaTeX Font Info:    Overwriting symbol font `operators' in version `boldsans'
(Font)                  OT1/cmr/m/n --> OT1/cmbr/b/n on input line 29.
LaTeX Font Info:    Overwriting symbol font `letters' in version `boldsans'
(Font)                  OML/cmm/m/it --> OML/cmbrm/b/it on input line 30.
LaTeX Font Info:    Overwriting symbol font `largesymbols' in version `boldsans
'
(Font)                  OMX/cmex/m/n --> OMX/iwona/bx/n on input line 31.
LaTeX Font Info:    Overwriting math alphabet `\mathit' in version `boldsans'
(Font)                  OT1/cmr/m/it --> OT1/cmbr/b/sl on input line 32.
LaTeX Font Info:    Overwriting math alphabet `\mathsf' in version `boldsans'
(Font)                  OT1/cmss/m/n --> OT1/lmss/sbc/n on input line 33.
LaTeX Font Info:    Overwriting math alphabet `\mathbf' in version `boldsans'
(Font)                  > OT1/cmbr/bx/n on input line 34.
LaTeX Font Info:    Overwriting math alphabet `\mathtt' in version `boldsans'
(Font)                  OT1/cmtt/m/n --> OT1/cmtl/b/n on input line 35.
\symsfletters=\mathgroup10
\symsflettersbold=\mathgroup11
\symstmry=\mathgroup12
) (./preamble/math/macros.tex
LaTeX Font Info:    Redeclaring math symbol \setminus on input line 229.

(/opt/texlive/texdir/texmf-dist/tex/latex/ytableau/ytableau.sty
Package: ytableau 2021/06/12 v1.4 Many-featured Young tableaux and Young diagra
ms
\tableaux@YT=\box134
\thistableau@YT=\box135
\refhtdp@YT=\box136
\toks@YT=\toks64
\opttoksa@YT=\toks65
\opttoksb@YT=\toks66
\boxdim@YT=\dimen433
\tableauwd@YT=\dimen434
\count@YT=\count599

(/opt/texlive/texdir/texmf-dist/tex/latex/pgfopts/pgfopts.sty
Package: pgfopts 2014/07/10 v2.1a LaTeX package options with pgfkeys
\pgfopts@list@add@a@toks=\toks67
\pgfopts@list@add@b@toks=\toks68
))
\argumentbox=\box137

(/opt/texlive/texdir/texmf-dist/tex/latex/accents/accents.sty
Package: accents 2006/05/12 v1.4 Math Accent Tools
\cc@skew=\dimen435
\cc@wd=\dimen436
\cc@code=\count600
\cc@group=\count601
\cc@skewchar=\count602
))
(./preamble/math/spacing.tex
\halfhphantomlength=\skip164
) (./preamble/environments/init.tex
(/opt/texlive/texdir/texmf-dist/tex/latex/keytheorems/keytheorems.sty
Package: keytheorems 2025-01-22 v0.2.5 l3keys interface to amsthm

(/opt/texlive/texdir/texmf-dist/tex/latex/oberdiek/aliascnt.sty
Package: aliascnt 2018/09/07 v1.5 Alias counters (HO)
)
(/opt/texlive/texdir/texmf-dist/tex/latex/amscls/amsthm.sty
Package: amsthm 2020/05/29 v2.20.6
\thm@style=\toks69
\thm@bodyfont=\toks70
\thm@headfont=\toks71
\thm@notefont=\toks72
\thm@headpunct=\toks73
\thm@preskip=\skip165
\thm@postskip=\skip166
\thm@headsep=\skip167
\dth@everypar=\toks74
)
\l__keythms_tmpa_dim=\dimen437
\l__keythms_thm_currparindent_dim=\dimen438
\l__keythms_thm_currparskip_dim=\dimen439
\l__keythms_thm_tcbstate_int=\count603
\c@keythms_restate_dummyctr=\count604
\c@keythms_continues_dummyctr=\count605
\c@keythms_unnumbered_dummyctr=\count606
\c@keythms_manualnum_dummyctr=\count607
\l__keythms_thm_leftmargin_dim=\dimen440
\l__keythms_thm_rightmargin_dim=\dimen441
\keythms@listof@chaptervspace@dim=\dimen442
\l__keythms_listof_indent_dim=\dimen443
\l__keythms_listof_numwidth_dim=\dimen444
\g_keythms_listof_prevchapter_int=\count608
)
(/opt/texlive/texdir/texmf-dist/tex/latex/tcolorbox/tcbskins.code.tex
Library (tcolorbox): 'tcbskins.code.tex' version '6.4.1'
(/opt/texlive/texdir/texmf-dist/tex/latex/tikzfill/tikzfill.image.sty
Package: tikzfill.image 2023/08/08 v1.0.1 Image filling library for TikZ

(/opt/texlive/texdir/texmf-dist/tex/latex/tikzfill/tikzfill-common.sty
Package: tikzfill-common 2023/08/08 v1.0.1 Auxiliary code for tikzfill
)
(/opt/texlive/texdir/texmf-dist/tex/latex/tikzfill/tikzlibraryfill.image.code.t
ex
File: tikzlibraryfill.image.code.tex 2023/08/08 v1.0.1 Image filling library
\l__tikzfill_img_box=\box138
))
(/opt/texlive/texdir/texmf-dist/tex/latex/tcolorbox/tcbskinsjigsaw.code.tex
Library (tcolorbox): 'tcbskinsjigsaw.code.tex' version '6.4.1'
)) (/opt/texlive/texdir/texmf-dist/tex/latex/tcolorbox/tcbbreakable.code.tex
Library (tcolorbox): 'tcbbreakable.code.tex' version '6.4.1'
(/opt/texlive/texdir/texmf-dist/tex/latex/pdfcol/pdfcol.sty
Package: pdfcol 2022-09-21 v1.7 Handle new color stacks for pdfTeX (HO)
)
Package pdfcol Info: New color stack `tcb@breakable' = 2 on input line 23.
\tcb@testbox=\box139
\tcb@totalupperbox=\box140
\tcb@totallowerbox=\box141

(/opt/texlive/texdir/texmf-dist/tex/generic/iftex/ifluatex.sty
Package: ifluatex 2019/10/25 v1.5 ifluatex legacy package. Use iftex instead.
))
(/opt/texlive/texdir/texmf-dist/tex/latex/tcolorbox/tcbtheorems.code.tex
Library (tcolorbox): 'tcbtheorems.code.tex' version '6.4.1'
)
\depthofj=\skip168
) (./preamble/environments/theorem-like.tex)
(./preamble/environments/remark-like.tex
\proofsmallsquare=\box142
LaTeX Font Info:    Trying to load font information for OT1+lmr on input line 4
3.

(/opt/texlive/texdir/texmf-dist/tex/latex/lm/ot1lmr.fd
File: ot1lmr.fd 2015/05/01 v1.6.1 Font defs for Latin Modern
)
(/opt/texlive/texdir/texmf-dist/tex/latex/lm/omllmm.fd
File: omllmm.fd 2015/05/01 v1.6.1 Font defs for Latin Modern
)
(/opt/texlive/texdir/texmf-dist/tex/latex/lm/omslmsy.fd
File: omslmsy.fd 2015/05/01 v1.6.1 Font defs for Latin Modern
)
(/opt/texlive/texdir/texmf-dist/tex/latex/lm/omxlmex.fd
File: omxlmex.fd 2015/05/01 v1.6.1 Font defs for Latin Modern
)
LaTeX Font Info:    External font `lmex10' loaded for size
(Font)              <12> on input line 43.

(/opt/texlive/texdir/texmf-dist/tex/latex/amsfonts/umsa.fd
File: umsa.fd 2013/01/14 v3.01 AMS symbols A
)
(/opt/texlive/texdir/texmf-dist/tex/latex/amsfonts/umsb.fd
File: umsb.fd 2013/01/14 v3.01 AMS symbols B
)
(/opt/texlive/texdir/texmf-dist/tex/latex/bbold/Ubbold.fd)
(/opt/texlive/texdir/texmf-dist/tex/latex/cmbright/omlcmbrm.fd
File: omlcmbrm.fd 2005/04/13 v8.1 (WaS)
)
(/opt/texlive/texdir/texmf-dist/tex/latex/stmaryrd/Ustmry.fd))
(./preamble/environments/todo-like.tex)
(./preamble/hacks/custom-reference-boxes.tex) (./preamble/hacks/fix-qed.tex)
(./preamble/hacks/fix-hyperref.tex) (./preamble/hacks/floatrow-parskip.tex)
(./preamble/user/main.tex (./preamble/user/macros.tex
(/opt/texlive/texdir/texmf-dist/tex/generic/hologo/hologo.sty
Package: hologo 2021-11-16 v1.15 A logo collection with bookmark support (HO)
)
(/opt/texlive/texdir/texmf-dist/tex/latex/tools/xspace.sty
Package: xspace 2014/10/28 v1.13 Space after command names (DPC,MH)
))
(./preamble/user/math.tex)))
(/opt/texlive/texdir/texmf-dist/tex/latex/subfiles/subfiles.sty
Package: subfiles 2020/11/14 v2.2 Multi-file projects (package)

(/opt/texlive/texdir/texmf-dist/tex/latex/import/import.sty
Package: import 2020/04/01  v 6.2
))
Package csquotes Info: Checking for multilingual support...
Package csquotes Info: ... none found.
Package translations Info: No language package found. I am going to use `englis
h' as default language. on input line 23.
 (./build/main.aux)
\openout1 = main.aux

LaTeX Font Info:    Checking defaults for OML/cmm/m/it on input line 23.
LaTeX Font Info:    ... okay on input line 23.
LaTeX Font Info:    Checking defaults for OMS/cmsy/m/n on input line 23.
LaTeX Font Info:    Checking defaults for OT1/cmr/m/n on input line 23.
LaTeX Font Info:    Checking defaults for T1/cmr/m/n on input line 23.
LaTeX Font Info:    Checking defaults for TS1/cmr/m/n on input line 23.
LaTeX Font Info:    Checking defaults for TU/lmr/m/n on input line 23.
LaTeX Font Info:    Checking defaults for OMX/cmex/m/n on input line 23.
LaTeX Font Info:    Checking defaults for U/cmr/m/n on input line 23.
LaTeX Font Info:    Checking defaults for PD1/pdf/m/n on input line 23.
LaTeX Font Info:    Checking defaults for PU/pdf/m/n on input line 23.
 (/opt/texlive/texdir/texmf-dist/tex/context/base/mkii/supp-pdf.mkii
[Loading MPS to PDF converter (version 2006.09.02).]
\scratchcounter=\count609
\scratchdimen=\dimen445
\scratchbox=\box143
\nofMPsegments=\count610
\nofMParguments=\count611
\everyMPshowfont=\toks75
\MPscratchCnt=\count612
\MPscratchDim=\dimen446
\MPnumerator=\count613
\makeMPintoPDFobject=\count614
\everyMPtoPDFconversion=\toks76
) (/opt/texlive/texdir/texmf-dist/tex/latex/epstopdf-pkg/epstopdf-base.sty
Package: epstopdf-base 2020-01-24 v2.11 Base part for package epstopdf
Package epstopdf-base Info: Redefining graphics rule for `.eps' on input line 4
85.

(/opt/texlive/texdir/texmf-dist/tex/latex/latexconfig/epstopdf-sys.cfg
File: epstopdf-sys.cfg 2010/07/13 v1.3 Configuration of (r)epstopdf for TeX Liv
e
))
Package microtype Info: Patching varwidth to enable character protrusion.
\MT@vwid@leftmargin=\dimen447
\MT@vwid@rightmargin=\dimen448
LaTeX Info: Redefining \microtypecontext on input line 23.
Package microtype Info: Applying patch `item' on input line 23.
Package microtype Info: Applying patch `toc' on input line 23.
Package microtype Info: Applying patch `eqnum' on input line 23.
Package microtype Info: Applying patch `footnote' on input line 23.
Package microtype Info: Applying patch `verbatim' on input line 23.
LaTeX Info: Redefining \microtypesetup on input line 23.
Package microtype Info: Generating PDF output.
Package microtype Info: Character protrusion enabled (level 2).
Package microtype Info: Using default protrusion set `alltext'.
Package microtype Info: Automatic font expansion enabled (level 2),
(microtype)             stretch: 20, shrink: 20, step: 1, non-selected.
Package microtype Info: Using default expansion set `alltext-nott'.
LaTeX Info: Redefining \showhyphens on input line 23.
Package microtype Info: No adjustment of tracking.
Package microtype Info: No adjustment of spacing.
Package microtype Info: No adjustment of kerning.

(/opt/texlive/texdir/texmf-dist/tex/latex/microtype/mt-LatinModernRoman.cfg
File: mt-LatinModernRoman.cfg 2021/02/21 v1.1 microtype config. file: Latin Mod
ern Roman (RS)
)
(/opt/texlive/texdir/texmf-dist/tex/latex/translations/translations-basic-dicti
onary-english.trsl
File: translations-basic-dictionary-english.trsl (english translation file `tra
nslations-basic-dictionary')
)
Package translations Info: loading dictionary `translations-basic-dictionary' f
or `english'. on input line 23.
Package caption Info: Begin \AtBeginDocument code.
Package caption Info: changepage package is loaded.
\caption@adjustwidth@hsize=\dimen449
\caption@adjustwidth@linewidth=\dimen450
Package caption Info: hyperref package is loaded.
Package caption Info: End \AtBeginDocument code.
Package hyperref Info: Link coloring OFF on input line 23.

(/opt/texlive/texdir/texmf-dist/tex/latex/zref/zref-hyperref.sty
Package: zref-hyperref 2023-09-14 v2.35 Module hyperref for zref (HO)
Package zref Info: New property: anchor on input line 56.
)
(/opt/texlive/texdir/texmf-dist/tex/latex/zref-clever/zref-clever-english.lang)

Package zref-clever Info: Loaded 'english' language file.

\c@zc@appendix=\count615
Package zref Info: New property: subeq on input line 23.

Package zref-clever Info: Loaded support for 'amsmath' package.


Package zref-clever Info: Loaded support for 'mathtools' package.

Package zref Info: New property: subref on input line 23.
\@sidenotes@extrawidth=\skip169
*geometry* driver: auto-detecting
*geometry* detected driver: luatex
*geometry* verbose mode - [ preamble ] result:
* driver: luatex
* paper: custom
* layout: <same size as paper>
* layoutoffset:(h,v)=(0.0pt,0.0pt)
* modes: 
* h-part:(L,W,R)=(42.0pt, 320.0pt, 235.50787pt)
* v-part:(T,H,B)=(72.0pt, 650.0pt, 123.04684pt)
* \paperwidth=597.50787pt
* \paperheight=845.04684pt
* \textwidth=320.0pt
* \textheight=650.0pt
* \oddsidemargin=-30.26999pt
* \evensidemargin=-30.26999pt
* \topmargin=-37.26999pt
* \headheight=12.0pt
* \headsep=25.0pt
* \topskip=12.0pt
* \footskip=40.0pt
* \marginparwidth=180.0pt
* \marginparsep=20.0pt
* \columnsep=10.0pt
* \skip\footins=10.8pt plus 4.0pt minus 2.0pt
* \hoffset=0.0pt
* \voffset=0.0pt
* \mag=1000
* \@twocolumnfalse
* \@twosidefalse
* \@mparswitchfalse
* \@reversemarginfalse
* (1in=72.27pt=25.4mm, 1cm=28.453pt)

(/opt/texlive/texdir/texmf-dist/tex/latex/fmtcount/fc-english.def
File: fc-english.def 2016/01/12
)
Package biblatex Info: Trying to load language 'english'...
Package biblatex Info: ... file 'english.lbx' found.

(/opt/texlive/texdir/texmf-dist/tex/latex/biblatex/lbx/english.lbx
File: english.lbx 2024/03/21 v3.20 biblatex localization (PK/MW)
)
Package biblatex Info: LuaTeX detected.
(biblatex)             Assuming input encoding 'utf8'.
Package biblatex Info: Automatic encoding selection.
(biblatex)             Assuming data encoding 'utf8'.

\openout4 = main.bcf
Package biblatex Info: Trying to load bibliographic data...
Package biblatex Info: ... file 'main.bbl' found.

(./build/main.bbl
Package microtype Info: Loading generic protrusion settings for font family
(microtype)             `lmtt' (encoding: TU).
(microtype)             For optimal results, create family-specific settings.
(microtype)             See the microtype manual for details.
)
Package biblatex Info: Reference section=0 on input line 23.
Package biblatex Info: Reference segment=0 on input line 23.
<<sRGB.icc>> (./frontmatter/title.tex
<./frontmatter/img/MFF-logo.pdf, id=36, 506.46214pt x 156.49466pt>
File: ./frontmatter/img/MFF-logo.pdf Graphic file (type pdf)
<use ./frontmatter/img/MFF-logo.pdf>
Package luatex.def Info: ./frontmatter/img/MFF-logo.pdf  used on input line 7.
(luatex.def)             Requested size: 447.99805pt x 138.43446pt.
Package microtype Info: Loading generic protrusion settings for font family
(microtype)             `lmss' (encoding: TU).
(microtype)             For optimal results, create family-specific settings.
(microtype)             See the microtype manual for details.
Package microtype Info: Loading generic protrusion settings for font family
(microtype)             `lmr' (encoding: OT1).
(microtype)             For optimal results, create family-specific settings.
(microtype)             See the microtype manual for details.

(/opt/texlive/texdir/texmf-dist/tex/latex/microtype/mt-msa.cfg
File: mt-msa.cfg 2006/02/04 v1.1 microtype config. file: AMS symbols (a) (RS)
)
(/opt/texlive/texdir/texmf-dist/tex/latex/microtype/mt-msb.cfg
File: mt-msb.cfg 2005/06/01 v1.0 microtype config. file: AMS symbols (b) (RS)
)
Overfull \hbox (190.3118pt too wide) in paragraph at lines 39--48
 [] |
 []



[1

{/opt/texlive/texdir/texmf-var/fonts/map/pdftex/updmap/pdftex.map}<./frontmatter
/img/MFF-logo.pdf>]) (./frontmatter/declaration.tex


Package fancyhdr Warning: \headheight is too small (12.0pt): 
(fancyhdr)                Make it at least 27.39998pt, for example:
(fancyhdr)                \setlength{\headheight}{27.39998pt}.
(fancyhdr)                You might also make \topmargin smaller:
(fancyhdr)                \addtolength{\topmargin}{-15.39998pt}.

[2

]) (./frontmatter/dedication.tex) (./frontmatter/information.tex


Package fancyhdr Warning: \headheight is too small (12.0pt): 
(fancyhdr)                Make it at least 27.39998pt, for example:
(fancyhdr)                \setlength{\headheight}{27.39998pt}.
(fancyhdr)                You might also make \topmargin smaller:
(fancyhdr)                \addtolength{\topmargin}{-15.39998pt}.

[3

]
> Step: init table outer spec.
> Step: parse table options.
> Step: split table.
> Step: init table inner spec.
> Step: parse table inner spec.
> Step: execute table commands.
> Step: calculate cell and line sizes.
> Step: build the whole table.
)


Package fancyhdr Warning: \headheight is too small (12.0pt): 
(fancyhdr)                Make it at least 27.39998pt, for example:
(fancyhdr)                \setlength{\headheight}{27.39998pt}.
(fancyhdr)                You might also make \topmargin smaller:
(fancyhdr)                \addtolength{\topmargin}{-15.39998pt}.

[4

] (/opt/texlive/texdir/texmf-dist/tex/latex/tex-gyre/t1qzc.fd
File: t1qzc.fd 2009/09/25 v1.2 font definition file for T1/qzc
)
Package microtype Info: Loading generic protrusion settings for font family
(microtype)             `qzc' (encoding: T1).
(microtype)             For optimal results, create family-specific settings.
(microtype)             See the microtype manual for details.

(./build/main.toc)
\tf@toc=\write5

\openout5 = main.toc
 (./chapters/introduction.tex


Package fancyhdr Warning: \headheight is too small (12.0pt): 
(fancyhdr)                Make it at least 27.39998pt, for example:
(fancyhdr)                \setlength{\headheight}{27.39998pt}.
(fancyhdr)                You might also make \topmargin smaller:
(fancyhdr)                \addtolength{\topmargin}{-15.39998pt}.

[5

])


Package fancyhdr Warning: \headheight is too small (12.0pt): 
(fancyhdr)                Make it at least 27.39998pt, for example:
(fancyhdr)                \setlength{\headheight}{27.39998pt}.
(fancyhdr)                You might also make \topmargin smaller:
(fancyhdr)                \addtolength{\topmargin}{-15.39998pt}.

[6

] (./chapters/mtn_wvs.tex
Chapter 1.

Overfull \hbox (20.47069pt too wide) in paragraph at lines 58--58
|[]\TU/lmss/bx/n/17.28 Math-e-mat-i-cal mod-elling of at-mo-spheric|
 []


Underfull \vbox (badness 3668) has occurred while \output is active []




Package fancyhdr Warning: \headheight is too small (12.0pt): 
(fancyhdr)                Make it at least 27.39998pt, for example:
(fancyhdr)                \setlength{\headheight}{27.39998pt}.
(fancyhdr)                You might also make \topmargin smaller:
(fancyhdr)                \addtolength{\topmargin}{-15.39998pt}.

[1


]) (./chapters/sph.tex


Package fancyhdr Warning: \headheight is too small (12.0pt): 
(fancyhdr)                Make it at least 27.39998pt, for example:
(fancyhdr)                \setlength{\headheight}{27.39998pt}.
(fancyhdr)                You might also make \topmargin smaller:
(fancyhdr)                \addtolength{\topmargin}{-15.39998pt}.

[2]
Chapter 2.



Package fancyhdr Warning: \headheight is too small (12.0pt): 
(fancyhdr)                Make it at least 27.39998pt, for example:
(fancyhdr)                \setlength{\headheight}{27.39998pt}.
(fancyhdr)                You might also make \topmargin smaller:
(fancyhdr)                \addtolength{\topmargin}{-15.39998pt}.

[3

]
Overfull \hbox (3.4041pt too wide) detected at line 106
[]$\OML/lmm/m/it/12  \OT1/lmr/m/n/12 = [] \OML/lmm/m/it/12 P[]P[] \OT1/lmr/m/n
/12 = [] [][] = [] [][][] = [] \OML/lmm/m/it/12 A[];$ |
 []




Package fancyhdr Warning: \headheight is too small (12.0pt): 
(fancyhdr)                Make it at least 27.39998pt, for example:
(fancyhdr)                \setlength{\headheight}{27.39998pt}.
(fancyhdr)                You might also make \topmargin smaller:
(fancyhdr)                \addtolength{\topmargin}{-15.39998pt}.

[4]

LaTeX Warning: Reference `eq:f_PE' on page 5 undefined on input line 144.

) (./chapters/experiments.tex


Package fancyhdr Warning: \headheight is too small (12.0pt): 
(fancyhdr)                Make it at least 27.39998pt, for example:
(fancyhdr)                \setlength{\headheight}{27.39998pt}.
(fancyhdr)                You might also make \topmargin smaller:
(fancyhdr)                \addtolength{\topmargin}{-15.39998pt}.

[5]
Chapter 3.
) (./chapters/voronoi.tex


Package fancyhdr Warning: \headheight is too small (12.0pt): 
(fancyhdr)                Make it at least 27.39998pt, for example:
(fancyhdr)                \setlength{\headheight}{27.39998pt}.
(fancyhdr)                You might also make \topmargin smaller:
(fancyhdr)                \addtolength{\topmargin}{-15.39998pt}.

[6

]
Chapter 4.
) (./chapters/summary.tex


Package fancyhdr Warning: \headheight is too small (12.0pt): 
(fancyhdr)                Make it at least 27.39998pt, for example:
(fancyhdr)                \setlength{\headheight}{27.39998pt}.
(fancyhdr)                You might also make \topmargin smaller:
(fancyhdr)                \addtolength{\topmargin}{-15.39998pt}.

[7

]) (./chapters/appendix.tex)


Package fancyhdr Warning: \headheight is too small (12.0pt): 
(fancyhdr)                Make it at least 27.39998pt, for example:
(fancyhdr)                \setlength{\headheight}{27.39998pt}.
(fancyhdr)                You might also make \topmargin smaller:
(fancyhdr)                \addtolength{\topmargin}{-15.39998pt}.

[8

]


Package fancyhdr Warning: \headheight is too small (12.0pt): 
(fancyhdr)                Make it at least 27.39998pt, for example:
(fancyhdr)                \setlength{\headheight}{27.39998pt}.
(fancyhdr)                You might also make \topmargin smaller:
(fancyhdr)                \addtolength{\topmargin}{-15.39998pt}.

[9

]

Package silence Warning: There were 17 warning(s) and 0 error(s).
(silence)                I've killed 1 warning(s) and 0 error(s).

(./build/main.aux)
 ***********
LaTeX2e <2024-11-01> patch level 2
L3 programming layer <2025-01-18>
 ***********


LaTeX Warning: There were undefined references.

Package logreq Info: Writing requests to 'main.run.xml'.

\openout1 = main.run.xml
)

Here is how much of LuaTeX's memory you used:
 61138 strings out of 475512
 125086,2848258 words of node,token memory allocated
 5616 words of node memory still in use:
   72 hlist, 9 vlist, 14 rule, 20 disc, 3 local_par, 12 math, 108 glue, 28 kern,
 6 penalty, 7 margin_kern, 192 glyph, 256 attribute, 111 glue_spec, 256 attribut
e_list, 2 write, 118 pdf_literal, 2 pdf_action, 34 pdf_colorstack nodes
   avail lists: 1:3,2:1268,3:921,4:135,5:400,6:137,7:2434,8:86,9:1057,10:14,11:1
88
 82281 multiletter control sequences out of 65536+600000
 142 fonts using 10905407 bytes
 109i,14n,121p,2020b,3014s stack positions out of 10000i,1000n,20000p,200000b,200000s
</opt/texlive/texdir/texmf-dist/fonts/opentype/public/lm/lmromancaps10-regular.o
tf>{/opt/texlive/texdir/texmf-dist/fonts/enc/dvips/lm/lm-mathsy.enc}{/opt/texliv
e/texdir/texmf-dist/fonts/enc/dvips/lm/lm-mathit.enc}{/opt/texlive/texdir/texmf-
dist/fonts/enc/dvips/lm/lm-rm.enc}{/opt/texlive/texdir/texmf-dist/fonts/enc/dvip
s/lm/lm-mathex.enc}</opt/texlive/texdir/texmf-dist/fonts/opentype/public/lm/lmro
man8-regular.otf></opt/texlive/texdir/texmf-dist/fonts/opentype/public/lm/lmroma
n12-italic.otf></opt/texlive/texdir/texmf-dist/fonts/opentype/public/lm/lmmono8-
regular.otf>{/opt/texlive/texdir/texmf-dist/fonts/enc/dvips/tex-gyre/q-ec.enc}</
opt/texlive/texdir/texmf-dist/fonts/opentype/public/lm/lmroman10-regular.otf></o
pt/texlive/texdir/texmf-dist/fonts/opentype/public/lm/lmsans10-regular.otf></opt
/texlive/texdir/texmf-dist/fonts/opentype/public/lm/lmromanslant12-regular.otf><
/opt/texlive/texdir/texmf-dist/fonts/opentype/public/lm/lmmono12-regular.otf></o
pt/texlive/texdir/texmf-dist/fonts/opentype/public/lm/lmsans12-oblique.otf></opt
/texlive/texdir/texmf-dist/fonts/opentype/public/lm/lmsans10-bold.otf></opt/texl
ive/texdir/texmf-dist/fonts/opentype/public/lm/lmmono10-regular.otf></opt/texliv
e/texdir/texmf-dist/fonts/opentype/public/lm/lmroman12-regular.otf></opt/texlive
/texdir/texmf-dist/fonts/opentype/public/lm/lmsans12-regular.otf></opt/texlive/t
exdir/texmf-dist/fonts/opentype/public/lm/lmroman12-bold.otf></opt/texlive/texdi
r/texmf-dist/fonts/opentype/public/lm/lmroman17-regular.otf></opt/texlive/texdir
/texmf-dist/fonts/opentype/public/lm/lmsans17-regular.otf></opt/texlive/texdir/t
exmf-dist/fonts/type1/public/bbold-type1/bbold10.pfb></opt/texlive/texdir/texmf-
dist/fonts/type1/public/lm/lmbx12.pfb></opt/texlive/texdir/texmf-dist/fonts/type
1/public/lm/lmex10.pfb></opt/texlive/texdir/texmf-dist/fonts/type1/public/lm/lmm
i12.pfb></opt/texlive/texdir/texmf-dist/fonts/type1/public/lm/lmmi6.pfb></opt/te
xlive/texdir/texmf-dist/fonts/type1/public/lm/lmmi8.pfb></opt/texlive/texdir/tex
mf-dist/fonts/type1/public/lm/lmr12.pfb></opt/texlive/texdir/texmf-dist/fonts/ty
pe1/public/lm/lmr6.pfb></opt/texlive/texdir/texmf-dist/fonts/type1/public/lm/lmr
8.pfb></opt/texlive/texdir/texmf-dist/fonts/type1/public/lm/lmsy10.pfb></opt/tex
live/texdir/texmf-dist/fonts/type1/public/lm/lmsy6.pfb></opt/texlive/texdir/texm
f-dist/fonts/type1/public/lm/lmsy8.pfb></opt/texlive/texdir/texmf-dist/fonts/typ
e1/public/tex-gyre/qzcmi.pfb>
Output written on main.pdf (15 pages, 430377 bytes).

PDF statistics: 594 PDF objects out of 1000 (max. 8388607)
 212 compressed objects within 3 object streams
 80 named destinations out of 1000 (max. 131072)
 510 words of extra memory for PDF output out of 10000 (max. 100000000)

